[NOTICE]2016/10/20 13:03:03 /data1/project/go/supergo/src/utils/Log.go:56: [[finish to get user info.]]
[NOTICE]2016/10/20 13:03:05 /data1/project/go/supergo/src/utils/Log.go:56: [[finish to get user info.]]
[NOTICE]2016/10/20 13:03:05 /data1/project/go/supergo/src/utils/Log.go:56: [[finish to get user info.]]
[NOTICE]2016/10/20 13:03:06 /data1/project/go/supergo/src/utils/Log.go:56: [[finish to get user info.]]
[NOTICE]2016/10/20 13:03:06 /data1/project/go/supergo/src/utils/Log.go:56: [[finish to get user info.]]
[NOTICE]2016/10/20 13:03:08 /data1/project/go/supergo/src/utils/Log.go:56: [[finish to get user info.]]
[NOTICE]2016/10/20 13:03:08 /data1/project/go/supergo/src/utils/Log.go:56: [[finish to get user info.]]
[NOTICE]2016/10/20 13:03:09 /data1/project/go/supergo/src/utils/Log.go:56: [[finish to get user info.]]
[NOTICE]2016/10/20 13:03:09 /data1/project/go/supergo/src/utils/Log.go:56: [[finish to get user info.]]
[NOTICE]2016/10/20 13:03:09 /data1/project/go/supergo/src/utils/Log.go:56: [[finish to get user info.]]
[NOTICE]2016/10/20 13:03:10 /data1/project/go/supergo/src/utils/Log.go:56: [[finish to get user info.]]
[NOTICE]2016/10/20 13:03:10 /data1/project/go/supergo/src/utils/Log.go:56: [[finish to get user info.]]
[NOTICE]2016/10/20 13:03:30 /data1/project/go/supergo/src/utils/Log.go:56: [[finish to get user info.]]
[NOTICE]2016/10/20 13:03:31 /data1/project/go/supergo/src/utils/Log.go:56: [[finish to get user info.]]
[NOTICE]2016/10/20 13:03:32 /data1/project/go/supergo/src/utils/Log.go:56: [[finish to get user info.]]
[NOTICE]2016/10/20 13:03:33 /data1/project/go/supergo/src/utils/Log.go:56: [[finish to get user info.]]
[NOTICE]2016/10/20 13:03:33 /data1/project/go/supergo/src/utils/Log.go:56: [[finish to get user info.]]
[NOTICE]2016/10/20 13:03:34 /data1/project/go/supergo/src/utils/Log.go:56: [[finish to get user info.]]
[NOTICE]2016/10/20 13:03:35 /data1/project/go/supergo/src/utils/Log.go:56: [[finish to get user info.]]
[NOTICE]2016/10/20 13:03:36 /data1/project/go/supergo/src/utils/Log.go:56: [[finish to get user info.]]
[NOTICE]2016/10/20 13:03:37 /data1/project/go/supergo/src/utils/Log.go:56: [[finish to get user info.]]
[NOTICE]2016/10/20 13:04:40 /data1/project/go/supergo/src/utils/Log.go:56: [[finish to get user info.]]
[NOTICE]2016/10/20 13:06:00 /data1/project/go/supergo/src/utils/Log.go:56: [[finish to get user info.]]
[NOTICE]2016/10/20 14:31:07 /data1/project/go/supergo/src/utils/Log.go:56: [[finish to get user info.]]
[NOTICE]2016/10/20 14:32:50 /data1/project/go/supergo/src/utils/Log.go:56: [[finish to get user info.]]
[NOTICE]2016/10/20 14:33:57 /data1/project/go/supergo/src/utils/Log.go:56: [[finish to get user info.]]
[NOTICE]2016/10/20 14:34:27 /data1/project/go/supergo/src/utils/Log.go:56: [[finish to get user info.]]
[NOTICE]2016/10/20 14:36:09 /data1/project/go/supergo/src/utils/Log.go:56: [[finish to get user info.]]
[NOTICE]2016/10/20 14:49:52 /data1/project/go/supergo/src/utils/Log.go:56: [[finish to get user info.]]
[NOTICE]2016/10/20 14:50:05 /data1/project/go/supergo/src/utils/Log.go:56: [[finish to get user info.]]
[NOTICE]2016/10/20 14:51:57 /data1/project/go/supergo/src/utils/Log.go:56: [[finish to get user info.]]
[NOTICE]2016/10/20 15:00:49 /data1/project/go/supergo/src/utils/Log.go:56: [[finish to get user info.]]
[NOTICE]2016/10/20 15:01:56 /data1/project/go/supergo/src/utils/Log.go:56: [[finish to get user info.]]
[NOTICE]2016/10/20 15:03:31 /data1/project/go/supergo/src/utils/Log.go:56: [[finish to get user info.]]
[NOTICE]2016/10/20 15:04:36 /data1/project/go/supergo/src/utils/Log.go:56: [[finish to get user info.]]
[NOTICE]2016/10/20 15:20:15 /data1/project/go/supergo/src/utils/Log.go:56: [[finish to get user info.]]
[NOTICE]2016/10/20 15:20:19 /data1/project/go/supergo/src/utils/Log.go:56: [[finish to get user info.]]
[NOTICE]2016/10/20 15:20:20 /data1/project/go/supergo/src/utils/Log.go:56: [[finish to get user info.]]
[NOTICE]2016/10/20 15:20:21 /data1/project/go/supergo/src/utils/Log.go:56: [[finish to get user info.]]
[NOTICE]2016/10/20 15:20:22 /data1/project/go/supergo/src/utils/Log.go:56: [[finish to get user info.]]
[NOTICE]2016/10/20 15:20:22 /data1/project/go/supergo/src/utils/Log.go:56: [[finish to get user info.]]
[NOTICE]2016/10/20 15:20:23 /data1/project/go/supergo/src/utils/Log.go:56: [[finish to get user info.]]
[NOTICE]2016/10/20 15:20:24 /data1/project/go/supergo/src/utils/Log.go:56: [[finish to get user info.]]
[NOTICE]2016/10/20 15:20:24 /data1/project/go/supergo/src/utils/Log.go:56: [[finish to get user info.]]
[NOTICE]2016/10/20 15:20:25 /data1/project/go/supergo/src/utils/Log.go:56: [[finish to get user info.]]
[NOTICE]2016/10/20 15:20:26 /data1/project/go/supergo/src/utils/Log.go:56: [[finish to get user info.]]
[NOTICE]2016/10/20 15:20:26 /data1/project/go/supergo/src/utils/Log.go:56: [[finish to get user info.]]
[NOTICE]2016/10/20 15:20:27 /data1/project/go/supergo/src/utils/Log.go:56: [[finish to get user info.]]
[NOTICE]2016/10/20 15:20:27 /data1/project/go/supergo/src/utils/Log.go:56: [[finish to get user info.]]
[NOTICE]2016/10/20 15:20:28 /data1/project/go/supergo/src/utils/Log.go:56: [[finish to get user info.]]
[NOTICE]2016/10/20 15:20:29 /data1/project/go/supergo/src/utils/Log.go:56: [[finish to get user info.]]
[NOTICE]2016/10/20 15:20:30 /data1/project/go/supergo/src/utils/Log.go:56: [[finish to get user info.]]
[NOTICE]2016/10/20 15:20:30 /data1/project/go/supergo/src/utils/Log.go:56: [[finish to get user info.]]
[NOTICE]2016/10/20 15:20:31 /data1/project/go/supergo/src/utils/Log.go:56: [[finish to get user info.]]
[NOTICE]2016/10/20 15:21:21 /data1/project/go/supergo/src/utils/Log.go:56: [[finish to get user info.]]
[ERROR]2016/10/20 15:23:35 /data1/project/go/supergo/src/utils/Log.go:56: [[-->from client Call: 2016-10-20 15:23:35 go client map[user_id:8]]]
[NOTICE]2016/10/20 15:23:35 /data1/project/go/supergo/src/utils/Log.go:56: [[finish to get user info.]]
[ERROR]2016/10/20 15:23:40 /data1/project/go/supergo/src/utils/Log.go:56: [[-->from client Call: 2016-10-20 15:23:40 go client map[user_id:8]]]
[NOTICE]2016/10/20 15:23:40 /data1/project/go/supergo/src/utils/Log.go:56: [[finish to get user info.]]
[ERROR]2016/10/20 15:23:56 /data1/project/go/supergo/src/utils/Log.go:56: [[-->from client Call: 2016-10-20 15:23:56 go client map[user_id:8]]]
[NOTICE]2016/10/20 15:23:56 /data1/project/go/supergo/src/utils/Log.go:56: [[finish to get user info.]]
[ERROR]2016/10/20 15:55:39 /data1/project/go/supergo/src/utils/Log.go:56: [[-->from client Call: 2016-10-20 15:55:39 go client map[user_id:8]]]
[NOTICE]2016/10/20 15:55:39 /data1/project/go/supergo/src/utils/Log.go:56: [[finish to get user info.]]
[ERROR]2016/10/20 15:55:41 /data1/project/go/supergo/src/utils/Log.go:56: [[-->from client Call: 2016-10-20 15:55:41 go client map[user_id:8]]]
[NOTICE]2016/10/20 15:55:41 /data1/project/go/supergo/src/utils/Log.go:56: [[finish to get user info.]]
[ERROR]2016/10/20 15:55:42 /data1/project/go/supergo/src/utils/Log.go:56: [[-->from client Call: 2016-10-20 15:55:42 go client map[user_id:8]]]
[NOTICE]2016/10/20 15:55:42 /data1/project/go/supergo/src/utils/Log.go:56: [[finish to get user info.]]
[ERROR]2016/10/20 15:55:42 /data1/project/go/supergo/src/utils/Log.go:56: [[-->from client Call: 2016-10-20 15:55:42 go client map[user_id:8]]]
[NOTICE]2016/10/20 15:55:42 /data1/project/go/supergo/src/utils/Log.go:56: [[finish to get user info.]]
[ERROR]2016/10/20 15:55:43 /data1/project/go/supergo/src/utils/Log.go:56: [[-->from client Call: 2016-10-20 15:55:43 go client map[user_id:8]]]
[NOTICE]2016/10/20 15:55:43 /data1/project/go/supergo/src/utils/Log.go:56: [[finish to get user info.]]
[ERROR]2016/10/20 15:55:43 /data1/project/go/supergo/src/utils/Log.go:56: [[-->from client Call: 2016-10-20 15:55:43 go client map[user_id:8]]]
[NOTICE]2016/10/20 15:55:43 /data1/project/go/supergo/src/utils/Log.go:56: [[finish to get user info.]]
[ERROR]2016/10/20 15:55:43 /data1/project/go/supergo/src/utils/Log.go:56: [[-->from client Call: 2016-10-20 15:55:43 go client map[user_id:8]]]
[NOTICE]2016/10/20 15:55:43 /data1/project/go/supergo/src/utils/Log.go:56: [[finish to get user info.]]
[ERROR]2016/10/20 15:55:44 /data1/project/go/supergo/src/utils/Log.go:56: [[-->from client Call: 2016-10-20 15:55:44 go client map[user_id:8]]]
[NOTICE]2016/10/20 15:55:44 /data1/project/go/supergo/src/utils/Log.go:56: [[finish to get user info.]]
[ERROR]2016/10/20 15:55:44 /data1/project/go/supergo/src/utils/Log.go:56: [[-->from client Call: 2016-10-20 15:55:44 go client map[user_id:8]]]
[NOTICE]2016/10/20 15:55:44 /data1/project/go/supergo/src/utils/Log.go:56: [[finish to get user info.]]
[ERROR]2016/10/20 15:55:45 /data1/project/go/supergo/src/utils/Log.go:56: [[-->from client Call: 2016-10-20 15:55:45 go client map[user_id:8]]]
[NOTICE]2016/10/20 15:55:45 /data1/project/go/supergo/src/utils/Log.go:56: [[finish to get user info.]]
[ERROR]2016/10/20 15:55:45 /data1/project/go/supergo/src/utils/Log.go:56: [[-->from client Call: 2016-10-20 15:55:45 go client map[user_id:8]]]
[NOTICE]2016/10/20 15:55:45 /data1/project/go/supergo/src/utils/Log.go:56: [[finish to get user info.]]
[ERROR]2016/10/20 15:57:29 /data1/project/go/supergo/src/utils/Log.go:56: [[-->from client Call: 2016-10-20 15:57:29 go client map[user_id:8]]]
[NOTICE]2016/10/20 15:57:29 /data1/project/go/supergo/src/utils/Log.go:56: [[finish to get user info.]]
[ERROR]2016/10/20 15:57:35 /data1/project/go/supergo/src/utils/Log.go:56: [[-->from client Call: 2016-10-20 15:57:35 go client map[user_id:8]]]
[NOTICE]2016/10/20 15:57:35 /data1/project/go/supergo/src/utils/Log.go:56: [[finish to get user info.]]
[ERROR]2016/10/20 16:01:08 /data1/project/go/supergo/src/utils/Log.go:56: [[-->from client Call: 2016-10-20 16:01:08 go client map[user_id:8]]]
[NOTICE]2016/10/20 16:01:08 /data1/project/go/supergo/src/utils/Log.go:56: [[finish to get user info.]]
[ERROR]2016/10/20 16:01:15 /data1/project/go/supergo/src/utils/Log.go:56: [[-->from client Call: 2016-10-20 16:01:15 go client map[user_id:8]]]
[NOTICE]2016/10/20 16:01:15 /data1/project/go/supergo/src/utils/Log.go:56: [[finish to get user info.]]
[ERROR]2016/10/20 16:09:48 /data1/project/go/supergo/src/utils/Log.go:56: [[-->from client Call: 2016-10-20 16:09:48 go client map[user_id:8]]]
[NOTICE]2016/10/20 16:09:48 /data1/project/go/supergo/src/utils/Log.go:56: [[finish to get user info.]]
[ERROR]2016/10/20 16:12:02 /data1/project/go/supergo/src/utils/Log.go:56: [[-->from client Call: 2016-10-20 16:12:02 go client map[user_id:8]]]
[NOTICE]2016/10/20 16:12:02 /data1/project/go/supergo/src/utils/Log.go:56: [[finish to get user info.]]
[ERROR]2016/10/20 16:15:27 /data1/project/go/supergo/src/utils/Log.go:56: [[-->from client Call: 2016-10-20 16:15:27 go client map[user_id:8]]]
[NOTICE]2016/10/20 16:15:27 /data1/project/go/supergo/src/utils/Log.go:56: [[finish to get user info.]]
[ERROR]2016/10/20 16:27:24 /data1/project/go/supergo/src/utils/Log.go:56: [[-->from client Call: 2016-10-20 16:27:24 go client map[user_id:8]]]
[NOTICE]2016/10/20 16:27:24 /data1/project/go/supergo/src/utils/Log.go:56: [[finish to get user info.]]
[ERROR]2016/10/20 16:27:28 /data1/project/go/supergo/src/utils/Log.go:56: [[-->from client Call: 2016-10-20 16:27:28 go client map[user_id:8]]]
[NOTICE]2016/10/20 16:27:28 /data1/project/go/supergo/src/utils/Log.go:56: [[finish to get user info.]]
[ERROR]2016/10/20 16:33:07 /data1/project/go/supergo/src/utils/Log.go:56: [[-->from client Call: 2016-10-20 16:33:07 go client map[user_id:8]]]
[NOTICE]2016/10/20 16:33:07 /data1/project/go/supergo/src/utils/Log.go:56: [[finish to get user info.]]
[ERROR]2016/10/20 16:33:13 /data1/project/go/supergo/src/utils/Log.go:56: [[-->from client Call: 2016-10-20 16:33:13 go client map[user_id:8]]]
[NOTICE]2016/10/20 16:33:13 /data1/project/go/supergo/src/utils/Log.go:56: [[finish to get user info.]]
[ERROR]2016/10/20 16:33:25 /data1/project/go/supergo/src/utils/Log.go:56: [[-->from client Call: 2016-10-20 16:33:25 go client map[user_id:8]]]
[NOTICE]2016/10/20 16:33:25 /data1/project/go/supergo/src/utils/Log.go:56: [[finish to get user info.]]
[ERROR]2016/10/20 16:35:09 /data1/project/go/supergo/src/utils/Log.go:56: [[-->from client Call: 2016-10-20 16:35:09 go client map[user_id:8]]]
[NOTICE]2016/10/20 16:35:09 /data1/project/go/supergo/src/utils/Log.go:56: [[finish to get user info.]]
[ERROR]2016/10/20 16:35:13 /data1/project/go/supergo/src/utils/Log.go:56: [[-->from client Call: 2016-10-20 16:35:13 go client map[user_id:8]]]
[NOTICE]2016/10/20 16:35:13 /data1/project/go/supergo/src/utils/Log.go:56: [[finish to get user info.]]
[ERROR]2016/10/20 16:35:14 /data1/project/go/supergo/src/utils/Log.go:56: [[-->from client Call: 2016-10-20 16:35:14 go client map[user_id:8]]]
[NOTICE]2016/10/20 16:35:14 /data1/project/go/supergo/src/utils/Log.go:56: [[finish to get user info.]]
[ERROR]2016/10/20 16:35:15 /data1/project/go/supergo/src/utils/Log.go:56: [[-->from client Call: 2016-10-20 16:35:15 go client map[user_id:8]]]
[NOTICE]2016/10/20 16:35:15 /data1/project/go/supergo/src/utils/Log.go:56: [[finish to get user info.]]
[ERROR]2016/10/20 16:35:15 /data1/project/go/supergo/src/utils/Log.go:56: [[-->from client Call: 2016-10-20 16:35:15 go client map[user_id:8]]]
[NOTICE]2016/10/20 16:35:15 /data1/project/go/supergo/src/utils/Log.go:56: [[finish to get user info.]]
[ERROR]2016/10/20 16:35:15 /data1/project/go/supergo/src/utils/Log.go:56: [[-->from client Call: 2016-10-20 16:35:15 go client map[user_id:8]]]
[NOTICE]2016/10/20 16:35:15 /data1/project/go/supergo/src/utils/Log.go:56: [[finish to get user info.]]
[ERROR]2016/10/20 16:35:16 /data1/project/go/supergo/src/utils/Log.go:56: [[-->from client Call: 2016-10-20 16:35:16 go client map[user_id:8]]]
[NOTICE]2016/10/20 16:35:16 /data1/project/go/supergo/src/utils/Log.go:56: [[finish to get user info.]]
[ERROR]2016/10/20 16:35:16 /data1/project/go/supergo/src/utils/Log.go:56: [[-->from client Call: 2016-10-20 16:35:16 go client map[user_id:8]]]
[NOTICE]2016/10/20 16:35:16 /data1/project/go/supergo/src/utils/Log.go:56: [[finish to get user info.]]
[ERROR]2016/10/20 16:35:17 /data1/project/go/supergo/src/utils/Log.go:56: [[-->from client Call: 2016-10-20 16:35:17 go client map[user_id:8]]]
[NOTICE]2016/10/20 16:35:17 /data1/project/go/supergo/src/utils/Log.go:56: [[finish to get user info.]]
[ERROR]2016/10/20 16:35:17 /data1/project/go/supergo/src/utils/Log.go:56: [[-->from client Call: 2016-10-20 16:35:17 go client map[user_id:8]]]
[NOTICE]2016/10/20 16:35:17 /data1/project/go/supergo/src/utils/Log.go:56: [[finish to get user info.]]
[ERROR]2016/10/20 16:35:17 /data1/project/go/supergo/src/utils/Log.go:56: [[-->from client Call: 2016-10-20 16:35:17 go client map[user_id:8]]]
[NOTICE]2016/10/20 16:35:17 /data1/project/go/supergo/src/utils/Log.go:56: [[finish to get user info.]]
[ERROR]2016/10/20 16:35:18 /data1/project/go/supergo/src/utils/Log.go:56: [[-->from client Call: 2016-10-20 16:35:18 go client map[user_id:8]]]
[NOTICE]2016/10/20 16:35:18 /data1/project/go/supergo/src/utils/Log.go:56: [[finish to get user info.]]
[ERROR]2016/10/20 16:35:18 /data1/project/go/supergo/src/utils/Log.go:56: [[-->from client Call: 2016-10-20 16:35:18 go client map[user_id:8]]]
[NOTICE]2016/10/20 16:35:18 /data1/project/go/supergo/src/utils/Log.go:56: [[finish to get user info.]]
[ERROR]2016/10/20 16:35:20 /data1/project/go/supergo/src/utils/Log.go:56: [[-->from client Call: 2016-10-20 16:35:20 go client map[user_id:8]]]
[NOTICE]2016/10/20 16:35:20 /data1/project/go/supergo/src/utils/Log.go:56: [[finish to get user info.]]
[ERROR]2016/10/20 16:35:20 /data1/project/go/supergo/src/utils/Log.go:56: [[-->from client Call: 2016-10-20 16:35:20 go client map[user_id:8]]]
[NOTICE]2016/10/20 16:35:20 /data1/project/go/supergo/src/utils/Log.go:56: [[finish to get user info.]]
[ERROR]2016/10/20 16:35:21 /data1/project/go/supergo/src/utils/Log.go:56: [[-->from client Call: 2016-10-20 16:35:21 go client map[user_id:8]]]
[NOTICE]2016/10/20 16:35:21 /data1/project/go/supergo/src/utils/Log.go:56: [[finish to get user info.]]
[ERROR]2016/10/20 16:35:21 /data1/project/go/supergo/src/utils/Log.go:56: [[-->from client Call: 2016-10-20 16:35:21 go client map[user_id:8]]]
[NOTICE]2016/10/20 16:35:21 /data1/project/go/supergo/src/utils/Log.go:56: [[finish to get user info.]]
[ERROR]2016/10/20 16:35:22 /data1/project/go/supergo/src/utils/Log.go:56: [[-->from client Call: 2016-10-20 16:35:22 go client map[user_id:8]]]
[NOTICE]2016/10/20 16:35:22 /data1/project/go/supergo/src/utils/Log.go:56: [[finish to get user info.]]
[ERROR]2016/10/20 16:50:17 /data1/project/go/supergo/src/utils/Log.go:56: [[-->from client Call: 2016-10-20 16:50:17 go client map[user_id:50]]]
[NOTICE]2016/10/20 16:50:17 /data1/project/go/supergo/src/utils/Log.go:56: [[finish to get user info.]]
[ERROR]2016/10/20 16:50:46 /data1/project/go/supergo/src/utils/Log.go:56: [[-->from client Call: 2016-10-20 16:50:46 go client map[user_id:51]]]
[NOTICE]2016/10/20 16:50:46 /data1/project/go/supergo/src/utils/Log.go:56: [[finish to get user info.]]
[ERROR]2016/10/20 16:56:33 /data1/project/go/supergo/src/utils/Log.go:56: [[-->from client Call: 2016-10-20 16:56:33 go client map[user_id:52]]]
[NOTICE]2016/10/20 16:56:33 /data1/project/go/supergo/src/utils/Log.go:56: [[finish to get user info.]]
[ERROR]2016/10/20 16:56:34 /data1/project/go/supergo/src/utils/Log.go:56: [[-->from client Call: 2016-10-20 16:56:34 go client map[user_id:53]]]
[NOTICE]2016/10/20 16:56:34 /data1/project/go/supergo/src/utils/Log.go:56: [[finish to get user info.]]
[ERROR]2016/10/20 16:56:34 /data1/project/go/supergo/src/utils/Log.go:56: [[-->from client Call: 2016-10-20 16:56:34 go client map[user_id:54]]]
[NOTICE]2016/10/20 16:56:34 /data1/project/go/supergo/src/utils/Log.go:56: [[finish to get user info.]]
[ERROR]2016/10/20 16:56:35 /data1/project/go/supergo/src/utils/Log.go:56: [[-->from client Call: 2016-10-20 16:56:35 go client map[user_id:55]]]
[NOTICE]2016/10/20 16:56:35 /data1/project/go/supergo/src/utils/Log.go:56: [[finish to get user info.]]
[ERROR]2016/10/20 16:56:35 /data1/project/go/supergo/src/utils/Log.go:56: [[-->from client Call: 2016-10-20 16:56:35 go client map[user_id:56]]]
[NOTICE]2016/10/20 16:56:35 /data1/project/go/supergo/src/utils/Log.go:56: [[finish to get user info.]]
[ERROR]2016/10/20 16:56:35 /data1/project/go/supergo/src/utils/Log.go:56: [[-->from client Call: 2016-10-20 16:56:35 go client map[user_id:57]]]
[NOTICE]2016/10/20 16:56:35 /data1/project/go/supergo/src/utils/Log.go:56: [[finish to get user info.]]
[ERROR]2016/10/20 16:56:36 /data1/project/go/supergo/src/utils/Log.go:56: [[-->from client Call: 2016-10-20 16:56:36 go client map[user_id:58]]]
[NOTICE]2016/10/20 16:56:36 /data1/project/go/supergo/src/utils/Log.go:56: [[finish to get user info.]]
[ERROR]2016/10/20 16:56:36 /data1/project/go/supergo/src/utils/Log.go:56: [[-->from client Call: 2016-10-20 16:56:36 go client map[user_id:59]]]
[NOTICE]2016/10/20 16:56:36 /data1/project/go/supergo/src/utils/Log.go:56: [[finish to get user info.]]
[ERROR]2016/10/20 16:56:36 /data1/project/go/supergo/src/utils/Log.go:56: [[-->from client Call: 2016-10-20 16:56:36 go client map[user_id:60]]]
[NOTICE]2016/10/20 16:56:36 /data1/project/go/supergo/src/utils/Log.go:56: [[finish to get user info.]]
[ERROR]2016/10/20 16:56:37 /data1/project/go/supergo/src/utils/Log.go:56: [[-->from client Call: 2016-10-20 16:56:37 go client map[user_id:61]]]
[NOTICE]2016/10/20 16:56:37 /data1/project/go/supergo/src/utils/Log.go:56: [[finish to get user info.]]
[ERROR]2016/10/20 16:56:37 /data1/project/go/supergo/src/utils/Log.go:56: [[-->from client Call: 2016-10-20 16:56:37 go client map[user_id:62]]]
[NOTICE]2016/10/20 16:56:37 /data1/project/go/supergo/src/utils/Log.go:56: [[finish to get user info.]]
[ERROR]2016/10/20 16:56:38 /data1/project/go/supergo/src/utils/Log.go:56: [[-->from client Call: 2016-10-20 16:56:38 go client map[user_id:63]]]
[NOTICE]2016/10/20 16:56:38 /data1/project/go/supergo/src/utils/Log.go:56: [[finish to get user info.]]
[ERROR]2016/10/20 16:56:38 /data1/project/go/supergo/src/utils/Log.go:56: [[-->from client Call: 2016-10-20 16:56:38 go client map[user_id:64]]]
[NOTICE]2016/10/20 16:56:38 /data1/project/go/supergo/src/utils/Log.go:56: [[finish to get user info.]]
[ERROR]2016/10/20 16:56:38 /data1/project/go/supergo/src/utils/Log.go:56: [[-->from client Call: 2016-10-20 16:56:38 go client map[user_id:65]]]
[NOTICE]2016/10/20 16:56:38 /data1/project/go/supergo/src/utils/Log.go:56: [[finish to get user info.]]
[ERROR]2016/10/20 16:56:39 /data1/project/go/supergo/src/utils/Log.go:56: [[-->from client Call: 2016-10-20 16:56:39 go client map[user_id:66]]]
[NOTICE]2016/10/20 16:56:39 /data1/project/go/supergo/src/utils/Log.go:56: [[finish to get user info.]]
[ERROR]2016/10/20 16:56:39 /data1/project/go/supergo/src/utils/Log.go:56: [[-->from client Call: 2016-10-20 16:56:39 go client map[user_id:67]]]
[NOTICE]2016/10/20 16:56:39 /data1/project/go/supergo/src/utils/Log.go:56: [[finish to get user info.]]
[ERROR]2016/10/20 16:56:39 /data1/project/go/supergo/src/utils/Log.go:56: [[-->from client Call: 2016-10-20 16:56:39 go client map[user_id:68]]]
[NOTICE]2016/10/20 16:56:39 /data1/project/go/supergo/src/utils/Log.go:56: [[finish to get user info.]]
[ERROR]2016/10/20 16:56:40 /data1/project/go/supergo/src/utils/Log.go:56: [[-->from client Call: 2016-10-20 16:56:40 go client map[user_id:69]]]
[NOTICE]2016/10/20 16:56:40 /data1/project/go/supergo/src/utils/Log.go:56: [[finish to get user info.]]
[ERROR]2016/10/20 16:56:40 /data1/project/go/supergo/src/utils/Log.go:56: [[-->from client Call: 2016-10-20 16:56:40 go client map[user_id:70]]]
[NOTICE]2016/10/20 16:56:40 /data1/project/go/supergo/src/utils/Log.go:56: [[finish to get user info.]]
[ERROR]2016/10/20 16:56:40 /data1/project/go/supergo/src/utils/Log.go:56: [[-->from client Call: 2016-10-20 16:56:40 go client map[user_id:71]]]
[NOTICE]2016/10/20 16:56:40 /data1/project/go/supergo/src/utils/Log.go:56: [[finish to get user info.]]
[ERROR]2016/10/20 16:56:41 /data1/project/go/supergo/src/utils/Log.go:56: [[-->from client Call: 2016-10-20 16:56:41 go client map[user_id:72]]]
[NOTICE]2016/10/20 16:56:41 /data1/project/go/supergo/src/utils/Log.go:56: [[finish to get user info.]]
[ERROR]2016/10/20 16:56:42 /data1/project/go/supergo/src/utils/Log.go:56: [[-->from client Call: 2016-10-20 16:56:42 go client map[user_id:73]]]
[NOTICE]2016/10/20 16:56:42 /data1/project/go/supergo/src/utils/Log.go:56: [[finish to get user info.]]
[ERROR]2016/10/20 16:56:42 /data1/project/go/supergo/src/utils/Log.go:56: [[-->from client Call: 2016-10-20 16:56:42 go client map[user_id:74]]]
[NOTICE]2016/10/20 16:56:42 /data1/project/go/supergo/src/utils/Log.go:56: [[finish to get user info.]]
[ERROR]2016/10/20 16:56:42 /data1/project/go/supergo/src/utils/Log.go:56: [[-->from client Call: 2016-10-20 16:56:42 go client map[user_id:75]]]
[NOTICE]2016/10/20 16:56:42 /data1/project/go/supergo/src/utils/Log.go:56: [[finish to get user info.]]
[ERROR]2016/10/20 16:56:43 /data1/project/go/supergo/src/utils/Log.go:56: [[-->from client Call: 2016-10-20 16:56:43 go client map[user_id:76]]]
[NOTICE]2016/10/20 16:56:43 /data1/project/go/supergo/src/utils/Log.go:56: [[finish to get user info.]]
[ERROR]2016/10/20 16:56:43 /data1/project/go/supergo/src/utils/Log.go:56: [[-->from client Call: 2016-10-20 16:56:43 go client map[user_id:77]]]
[NOTICE]2016/10/20 16:56:43 /data1/project/go/supergo/src/utils/Log.go:56: [[finish to get user info.]]
[ERROR]2016/10/20 16:56:43 /data1/project/go/supergo/src/utils/Log.go:56: [[-->from client Call: 2016-10-20 16:56:43 go client map[user_id:78]]]
[NOTICE]2016/10/20 16:56:43 /data1/project/go/supergo/src/utils/Log.go:56: [[finish to get user info.]]
[ERROR]2016/10/20 16:56:44 /data1/project/go/supergo/src/utils/Log.go:56: [[-->from client Call: 2016-10-20 16:56:44 go client map[user_id:79]]]
[NOTICE]2016/10/20 16:56:44 /data1/project/go/supergo/src/utils/Log.go:56: [[finish to get user info.]]
[ERROR]2016/10/20 16:56:44 /data1/project/go/supergo/src/utils/Log.go:56: [[-->from client Call: 2016-10-20 16:56:44 go client map[user_id:80]]]
[NOTICE]2016/10/20 16:56:44 /data1/project/go/supergo/src/utils/Log.go:56: [[finish to get user info.]]
[ERROR]2016/10/20 16:58:46 /data1/project/go/supergo/src/utils/Log.go:56: [[-->from client Call: 2016-10-20 16:58:46 go client map[user_id:81]]]
[NOTICE]2016/10/20 16:58:46 /data1/project/go/supergo/src/utils/Log.go:56: [[finish to get user info.]]
[ERROR]2016/10/20 16:58:47 /data1/project/go/supergo/src/utils/Log.go:56: [[-->from client Call: 2016-10-20 16:58:47 go client map[user_id:82]]]
[NOTICE]2016/10/20 16:58:47 /data1/project/go/supergo/src/utils/Log.go:56: [[finish to get user info.]]
[ERROR]2016/10/20 16:58:47 /data1/project/go/supergo/src/utils/Log.go:56: [[-->from client Call: 2016-10-20 16:58:47 go client map[user_id:83]]]
[NOTICE]2016/10/20 16:58:47 /data1/project/go/supergo/src/utils/Log.go:56: [[finish to get user info.]]
[ERROR]2016/10/20 16:58:48 /data1/project/go/supergo/src/utils/Log.go:56: [[-->from client Call: 2016-10-20 16:58:48 go client map[user_id:84]]]
[NOTICE]2016/10/20 16:58:48 /data1/project/go/supergo/src/utils/Log.go:56: [[finish to get user info.]]
[ERROR]2016/10/20 16:58:48 /data1/project/go/supergo/src/utils/Log.go:56: [[-->from client Call: 2016-10-20 16:58:48 go client map[user_id:85]]]
[NOTICE]2016/10/20 16:58:48 /data1/project/go/supergo/src/utils/Log.go:56: [[finish to get user info.]]
[ERROR]2016/10/20 16:58:49 /data1/project/go/supergo/src/utils/Log.go:56: [[-->from client Call: 2016-10-20 16:58:49 go client map[user_id:86]]]
[NOTICE]2016/10/20 16:58:49 /data1/project/go/supergo/src/utils/Log.go:56: [[finish to get user info.]]
[ERROR]2016/10/20 16:58:49 /data1/project/go/supergo/src/utils/Log.go:56: [[-->from client Call: 2016-10-20 16:58:49 go client map[user_id:87]]]
[NOTICE]2016/10/20 16:58:49 /data1/project/go/supergo/src/utils/Log.go:56: [[finish to get user info.]]
[ERROR]2016/10/20 16:58:49 /data1/project/go/supergo/src/utils/Log.go:56: [[-->from client Call: 2016-10-20 16:58:49 go client map[user_id:88]]]
[NOTICE]2016/10/20 16:58:49 /data1/project/go/supergo/src/utils/Log.go:56: [[finish to get user info.]]
[ERROR]2016/10/20 16:58:50 /data1/project/go/supergo/src/utils/Log.go:56: [[-->from client Call: 2016-10-20 16:58:50 go client map[user_id:89]]]
[NOTICE]2016/10/20 16:58:50 /data1/project/go/supergo/src/utils/Log.go:56: [[finish to get user info.]]
[ERROR]2016/10/20 16:58:50 /data1/project/go/supergo/src/utils/Log.go:56: [[-->from client Call: 2016-10-20 16:58:50 go client map[user_id:90]]]
[NOTICE]2016/10/20 16:58:50 /data1/project/go/supergo/src/utils/Log.go:56: [[finish to get user info.]]
[ERROR]2016/10/20 16:58:50 /data1/project/go/supergo/src/utils/Log.go:56: [[-->from client Call: 2016-10-20 16:58:50 go client map[user_id:91]]]
[NOTICE]2016/10/20 16:58:50 /data1/project/go/supergo/src/utils/Log.go:56: [[finish to get user info.]]
[ERROR]2016/10/20 16:58:50 /data1/project/go/supergo/src/utils/Log.go:56: [[-->from client Call: 2016-10-20 16:58:50 go client map[user_id:92]]]
[NOTICE]2016/10/20 16:58:50 /data1/project/go/supergo/src/utils/Log.go:56: [[finish to get user info.]]
[ERROR]2016/10/20 16:59:44 /data1/project/go/supergo/src/utils/Log.go:56: [[-->from client Call: 2016-10-20 16:59:44 php client map[intro:like bird .... userId:10001 userName:redfox241 nickName:Alex]]]
[NOTICE]2016/10/20 16:59:44 /data1/project/go/supergo/src/utils/Log.go:56: [[finish to get user info.]]
[ERROR]2016/10/20 16:59:59 /data1/project/go/supergo/src/utils/Log.go:56: [[-->from client Call: 2016-10-20 16:59:59 php client map[userId:10001 userName:redfox241 nickName:Alex intro:like bird ....]]]
[NOTICE]2016/10/20 16:59:59 /data1/project/go/supergo/src/utils/Log.go:56: [[finish to get user info.]]
[ERROR]2016/10/20 17:00:57 /data1/project/go/supergo/src/utils/Log.go:56: [[-->from client Call: 2016-10-20 17:00:57 php client map[userId:10001 userName:redfox241 nickName:Alex intro:like bird ....]]]
[NOTICE]2016/10/20 17:00:57 /data1/project/go/supergo/src/utils/Log.go:56: [[finish to get user info.]]
[ERROR]2016/10/20 17:00:59 /data1/project/go/supergo/src/utils/Log.go:56: [[-->from client Call: 2016-10-20 17:00:59 php client map[intro:like bird .... userId:10001 userName:redfox241 nickName:Alex]]]
[NOTICE]2016/10/20 17:00:59 /data1/project/go/supergo/src/utils/Log.go:56: [[finish to get user info.]]
[ERROR]2016/10/20 17:03:06 /data1/project/go/supergo/src/utils/Log.go:56: [[-->from client Call: 2016-10-20 17:03:06 php client map[userId:10001 userName:redfox241 nickName:Alex intro:like bird ....]]]
[NOTICE]2016/10/20 17:03:06 /data1/project/go/supergo/src/utils/Log.go:56: [[finish to get user info.]]
[ERROR]2016/10/20 17:06:09 /data1/project/go/supergo/src/utils/Log.go:56: [[-->from client Call: 2016-10-20 17:06:09 php client map[userId:10001 userName:redfox241 nickName:Alex intro:like bird ....]]]
[NOTICE]2016/10/20 17:06:09 /data1/project/go/supergo/src/utils/Log.go:56: [[finish to get user info.]]
[ERROR]2016/10/20 17:06:25 /data1/project/go/supergo/src/utils/Log.go:56: [[-->from client Call: 2016-10-20 17:06:25 php client map[nickName:Alex intro:like bird .... userId:10001 userName:redfox241]]]
[NOTICE]2016/10/20 17:06:25 /data1/project/go/supergo/src/utils/Log.go:56: [[finish to get user info.]]
[ERROR]2016/10/20 17:10:10 /data1/project/go/supergo/src/utils/Log.go:56: [[-->from client Call: 2016-10-20 17:10:10 php client map[nickName:Alex intro:like bird .... userId:10001 userName:redfox241]]]
[NOTICE]2016/10/20 17:10:10 /data1/project/go/supergo/src/utils/Log.go:56: [[finish to get user info.]]
[ERROR]2016/10/20 17:11:51 /data1/project/go/supergo/src/utils/Log.go:56: [[-->from client Call: 2016-10-20 17:11:51 php client map[userId:101 userName:redfox241 nickName:Alex intro:like bird ....]]]
[NOTICE]2016/10/20 17:11:51 /data1/project/go/supergo/src/utils/Log.go:56: [[finish to get user info.]]
[ERROR]2016/10/20 17:12:15 /data1/project/go/supergo/src/utils/Log.go:56: [[-->from client Call: 2016-10-20 17:12:15 php client map[user_id:102]]]
[NOTICE]2016/10/20 17:12:15 /data1/project/go/supergo/src/utils/Log.go:56: [[finish to get user info.]]
[ERROR]2016/10/20 17:12:34 /data1/project/go/supergo/src/utils/Log.go:56: [[-->from client Call: 2016-10-20 17:12:34 php client map[intro:like bird .... user_id:103 user_name:redfox241 nick_name:Alex]]]
[NOTICE]2016/10/20 17:12:34 /data1/project/go/supergo/src/utils/Log.go:56: [[finish to get user info.]]
[ERROR]2016/10/20 17:13:01 /data1/project/go/supergo/src/utils/Log.go:56: [[-->from client Call: 2016-10-20 17:13:01 php client map[user_id:104 user_name:redfox241 nick_name:Alex intro:like bird ....]]]
[NOTICE]2016/10/20 17:13:01 /data1/project/go/supergo/src/utils/Log.go:56: [[finish to get user info.]]
[ERROR]2016/10/20 17:13:14 /data1/project/go/supergo/src/utils/Log.go:56: [[-->from client Call: 2016-10-20 17:13:14 php client map[intro:like bird .... user_id:105 user_name:redfox241 nick_name:Alex]]]
[NOTICE]2016/10/20 17:13:14 /data1/project/go/supergo/src/utils/Log.go:56: [[finish to get user info.]]
[ERROR]2016/10/20 17:15:14 /data1/project/go/supergo/src/utils/Log.go:56: [[-->from client Call: 2016-10-20 17:15:14 php client map[nick_name:Alex intro:like bird .... user_id:106 user_name:redfox241]]]
[NOTICE]2016/10/20 17:15:14 /data1/project/go/supergo/src/utils/Log.go:56: [[finish to get user info.]]
[ERROR]2016/10/20 17:15:41 /data1/project/go/supergo/src/utils/Log.go:56: [[-->from client Call: 2016-10-20 17:15:41 php client map[user_id:107 user_name:redfox241 nick_name:Alex intro:like bird ....]]]
[NOTICE]2016/10/20 17:15:41 /data1/project/go/supergo/src/utils/Log.go:56: [[finish to get user info.]]
[ERROR]2016/10/20 17:16:49 /data1/project/go/supergo/src/utils/Log.go:56: [[-->from client Call: 2016-10-20 17:16:49 php client map[user_id:108 user_name:redfox241 nick_name:Alex intro:like bird ....]]]
[NOTICE]2016/10/20 17:16:49 /data1/project/go/supergo/src/utils/Log.go:56: [[finish to get user info.]]
[ERROR]2016/10/20 17:17:08 /data1/project/go/supergo/src/utils/Log.go:56: [[-->from client Call: 2016-10-20 17:17:08 php client map[user_id:109 user_name:redfox241 nick_name:Alex intro:like bird ....]]]
[NOTICE]2016/10/20 17:17:08 /data1/project/go/supergo/src/utils/Log.go:56: [[finish to get user info.]]
[ERROR]2016/10/20 17:17:09 /data1/project/go/supergo/src/utils/Log.go:56: [[-->from client Call: 2016-10-20 17:17:09 php client map[user_id:110 user_name:redfox241 nick_name:Alex intro:like bird ....]]]
[NOTICE]2016/10/20 17:17:09 /data1/project/go/supergo/src/utils/Log.go:56: [[finish to get user info.]]
[ERROR]2016/10/20 17:17:30 /data1/project/go/supergo/src/utils/Log.go:56: [[-->from client Call: 2016-10-20 17:17:30 php client map[user_id:111 user_name:redfox241 nick_name:Alex intro:like bird ....]]]
[NOTICE]2016/10/20 17:17:30 /data1/project/go/supergo/src/utils/Log.go:56: [[finish to get user info.]]
[ERROR]2016/10/20 17:18:37 /data1/project/go/supergo/src/utils/Log.go:56: [[-->from client Call: 2016-10-20 17:18:37 php client map[intro:like bird .... user_id:112 user_name:redfox241 nick_name:Alex]]]
[NOTICE]2016/10/20 17:18:37 /data1/project/go/supergo/src/utils/Log.go:56: [[finish to get user info.]]
[ERROR]2016/10/20 17:18:49 /data1/project/go/supergo/src/utils/Log.go:56: [[-->from client Call: 2016-10-20 17:18:49 go client map[user_id:113]]]
[NOTICE]2016/10/20 17:18:49 /data1/project/go/supergo/src/utils/Log.go:56: [[finish to get user info.]]
[ERROR]2016/10/20 17:20:28 /data1/project/go/supergo/src/utils/Log.go:56: [[-->from client Call: 2016-10-20 17:20:28 go client map[user_id:114]]]
[NOTICE]2016/10/20 17:20:28 /data1/project/go/supergo/src/utils/Log.go:56: [[finish to get user info.]]
[ERROR]2016/10/20 17:21:45 /data1/project/go/supergo/src/utils/Log.go:56: [[-->from client Call: 2016-10-20 17:21:45 go client map[user_id:115]]]
[NOTICE]2016/10/20 17:21:45 /data1/project/go/supergo/src/utils/Log.go:56: [[finish to get user info.]]
[ERROR]2016/10/20 17:21:49 /data1/project/go/supergo/src/utils/Log.go:56: [[-->from client Call: 2016-10-20 17:21:49 php client map[user_id:116 user_name:redfox241 nick_name:Alex intro:like bird ....]]]
[NOTICE]2016/10/20 17:21:49 /data1/project/go/supergo/src/utils/Log.go:56: [[finish to get user info.]]
[ERROR]2016/10/20 17:22:19 /data1/project/go/supergo/src/utils/Log.go:56: [[-->from client Call: 2016-10-20 17:22:19 php client map[user_id:117 user_name:redfox241 nick_name:Alex intro:like bird ....]]]
[NOTICE]2016/10/20 17:22:19 /data1/project/go/supergo/src/utils/Log.go:56: [[finish to get user info.]]
[ERROR]2016/10/20 17:22:36 /data1/project/go/supergo/src/utils/Log.go:56: [[-->from client Call: 2016-10-20 17:22:36 php client map[user_id:118 user_name:redfox241 nick_name:Alex intro:like bird ....]]]
[NOTICE]2016/10/20 17:22:36 /data1/project/go/supergo/src/utils/Log.go:56: [[finish to get user info.]]
[ERROR]2016/10/20 17:23:22 /data1/project/go/supergo/src/utils/Log.go:56: [[-->from client Call: 2016-10-20 17:23:22 php client map[user_id:119 user_name:redfox241 nick_name:Alex intro:like bird ....]]]
[NOTICE]2016/10/20 17:23:22 /data1/project/go/supergo/src/utils/Log.go:56: [[finish to get user info.]]
[ERROR]2016/10/20 17:25:29 /data1/project/go/supergo/src/utils/Log.go:56: [[-->from client Call: 2016-10-20 17:25:29 php client map[nick_name:Alex intro:like bird .... user_id:120 user_name:redfox241]]]
[NOTICE]2016/10/20 17:25:29 /data1/project/go/supergo/src/utils/Log.go:56: [[finish to get user info.]]
[ERROR]2016/10/20 17:25:30 /data1/project/go/supergo/src/utils/Log.go:56: [[-->from client Call: 2016-10-20 17:25:30 php client map[user_id:121 user_name:redfox241 nick_name:Alex intro:like bird ....]]]
[NOTICE]2016/10/20 17:25:30 /data1/project/go/supergo/src/utils/Log.go:56: [[finish to get user info.]]
[ERROR]2016/10/20 17:25:31 /data1/project/go/supergo/src/utils/Log.go:56: [[-->from client Call: 2016-10-20 17:25:31 php client map[user_id:122 user_name:redfox241 nick_name:Alex intro:like bird ....]]]
[NOTICE]2016/10/20 17:25:31 /data1/project/go/supergo/src/utils/Log.go:56: [[finish to get user info.]]
[ERROR]2016/10/20 17:25:31 /data1/project/go/supergo/src/utils/Log.go:56: [[-->from client Call: 2016-10-20 17:25:31 php client map[user_id:123 user_name:redfox241 nick_name:Alex intro:like bird ....]]]
[NOTICE]2016/10/20 17:25:31 /data1/project/go/supergo/src/utils/Log.go:56: [[finish to get user info.]]
[ERROR]2016/10/20 17:25:32 /data1/project/go/supergo/src/utils/Log.go:56: [[-->from client Call: 2016-10-20 17:25:32 php client map[intro:like bird .... user_id:124 user_name:redfox241 nick_name:Alex]]]
[NOTICE]2016/10/20 17:25:32 /data1/project/go/supergo/src/utils/Log.go:56: [[finish to get user info.]]
[ERROR]2016/10/20 17:25:32 /data1/project/go/supergo/src/utils/Log.go:56: [[-->from client Call: 2016-10-20 17:25:32 php client map[user_name:redfox241 nick_name:Alex intro:like bird .... user_id:125]]]
[NOTICE]2016/10/20 17:25:32 /data1/project/go/supergo/src/utils/Log.go:56: [[finish to get user info.]]
[ERROR]2016/10/20 17:25:32 /data1/project/go/supergo/src/utils/Log.go:56: [[-->from client Call: 2016-10-20 17:25:32 php client map[user_id:126 user_name:redfox241 nick_name:Alex intro:like bird ....]]]
[NOTICE]2016/10/20 17:25:32 /data1/project/go/supergo/src/utils/Log.go:56: [[finish to get user info.]]
[ERROR]2016/10/20 17:25:33 /data1/project/go/supergo/src/utils/Log.go:56: [[-->from client Call: 2016-10-20 17:25:33 php client map[user_id:127 user_name:redfox241 nick_name:Alex intro:like bird ....]]]
[NOTICE]2016/10/20 17:25:33 /data1/project/go/supergo/src/utils/Log.go:56: [[finish to get user info.]]
[ERROR]2016/10/20 17:25:33 /data1/project/go/supergo/src/utils/Log.go:56: [[-->from client Call: 2016-10-20 17:25:33 php client map[user_id:128 user_name:redfox241 nick_name:Alex intro:like bird ....]]]
[NOTICE]2016/10/20 17:25:33 /data1/project/go/supergo/src/utils/Log.go:56: [[finish to get user info.]]
[ERROR]2016/10/20 17:25:34 /data1/project/go/supergo/src/utils/Log.go:56: [[-->from client Call: 2016-10-20 17:25:34 php client map[nick_name:Alex intro:like bird .... user_id:129 user_name:redfox241]]]
[NOTICE]2016/10/20 17:25:34 /data1/project/go/supergo/src/utils/Log.go:56: [[finish to get user info.]]
[ERROR]2016/10/20 17:25:34 /data1/project/go/supergo/src/utils/Log.go:56: [[-->from client Call: 2016-10-20 17:25:34 php client map[intro:like bird .... user_id:130 user_name:redfox241 nick_name:Alex]]]
[NOTICE]2016/10/20 17:25:34 /data1/project/go/supergo/src/utils/Log.go:56: [[finish to get user info.]]
[ERROR]2016/10/20 17:25:35 /data1/project/go/supergo/src/utils/Log.go:56: [[-->from client Call: 2016-10-20 17:25:35 php client map[nick_name:Alex intro:like bird .... user_id:131 user_name:redfox241]]]
[NOTICE]2016/10/20 17:25:35 /data1/project/go/supergo/src/utils/Log.go:56: [[finish to get user info.]]
[ERROR]2016/10/20 17:25:36 /data1/project/go/supergo/src/utils/Log.go:56: [[-->from client Call: 2016-10-20 17:25:36 php client map[user_id:132 user_name:redfox241 nick_name:Alex intro:like bird ....]]]
[NOTICE]2016/10/20 17:25:36 /data1/project/go/supergo/src/utils/Log.go:56: [[finish to get user info.]]
[ERROR]2016/10/20 17:25:36 /data1/project/go/supergo/src/utils/Log.go:56: [[-->from client Call: 2016-10-20 17:25:36 php client map[user_id:133 user_name:redfox241 nick_name:Alex intro:like bird ....]]]
[NOTICE]2016/10/20 17:25:36 /data1/project/go/supergo/src/utils/Log.go:56: [[finish to get user info.]]
[ERROR]2016/10/20 17:25:37 /data1/project/go/supergo/src/utils/Log.go:56: [[-->from client Call: 2016-10-20 17:25:37 php client map[user_id:134 user_name:redfox241 nick_name:Alex intro:like bird ....]]]
[NOTICE]2016/10/20 17:25:37 /data1/project/go/supergo/src/utils/Log.go:56: [[finish to get user info.]]
[ERROR]2016/10/20 17:25:37 /data1/project/go/supergo/src/utils/Log.go:56: [[-->from client Call: 2016-10-20 17:25:37 php client map[user_id:135 user_name:redfox241 nick_name:Alex intro:like bird ....]]]
[NOTICE]2016/10/20 17:25:37 /data1/project/go/supergo/src/utils/Log.go:56: [[finish to get user info.]]
[ERROR]2016/10/20 17:26:47 /data1/project/go/supergo/src/utils/Log.go:56: [[-->from client Call: 2016-10-20 17:26:47 php client map[user_id:136 user_name:redfox241 nick_name:Alex intro:like bird ....]]]
[NOTICE]2016/10/20 17:26:47 /data1/project/go/supergo/src/utils/Log.go:56: [[finish to get user info.]]
[ERROR]2016/10/20 17:29:54 /data1/project/go/supergo/src/utils/Log.go:56: [[-->from client Call: 2016-10-20 17:29:54 php client map[user_id:137 user_name:redfox241 nick_name:Alex intro:like bird ....]]]
[NOTICE]2016/10/20 17:29:54 /data1/project/go/supergo/src/utils/Log.go:56: [[finish to get user info.]]
[ERROR]2016/10/20 17:29:57 /data1/project/go/supergo/src/utils/Log.go:56: [[-->from client Call: 2016-10-20 17:29:57 php client map[user_id:138 user_name:redfox241 nick_name:Alex intro:like bird ....]]]
[NOTICE]2016/10/20 17:29:57 /data1/project/go/supergo/src/utils/Log.go:56: [[finish to get user info.]]
[ERROR]2016/10/20 17:42:41 /data1/project/go/supergo/src/utils/Log.go:56: [[-->from client Call: 2016-10-20 17:42:41 php client map[user_id:139 user_name:redfox241 nick_name:Alex intro:like bird ....]]]
[NOTICE]2016/10/20 17:42:41 /data1/project/go/supergo/src/utils/Log.go:56: [[finish to get user info.]]
[ERROR]2016/10/20 17:50:54 /data1/project/go/supergo/src/utils/Log.go:56: [[-->from client Call: 2016-10-20 17:50:54 php client map[user_id:140 user_name:redfox241 nick_name:Alex intro:like bird ....]]]
[NOTICE]2016/10/20 17:50:54 /data1/project/go/supergo/src/utils/Log.go:56: [[finish to get user info.]]
[ERROR]2016/10/20 17:51:10 /data1/project/go/supergo/src/utils/Log.go:56: [[-->from client Call: 2016-10-20 17:51:10 php client map[intro:like bird .... user_id:141 user_name:redfox241 nick_name:Alex]]]
[NOTICE]2016/10/20 17:51:10 /data1/project/go/supergo/src/utils/Log.go:56: [[finish to get user info.]]
[ERROR]2016/10/20 17:51:12 /data1/project/go/supergo/src/utils/Log.go:56: [[-->from client Call: 2016-10-20 17:51:12 php client map[user_name:redfox241 nick_name:Alex intro:like bird .... user_id:142]]]
[NOTICE]2016/10/20 17:51:12 /data1/project/go/supergo/src/utils/Log.go:56: [[finish to get user info.]]
[ERROR]2016/10/20 17:51:14 /data1/project/go/supergo/src/utils/Log.go:56: [[-->from client Call: 2016-10-20 17:51:14 php client map[nick_name:Alex intro:like bird .... user_id:143 user_name:redfox241]]]
[NOTICE]2016/10/20 17:51:14 /data1/project/go/supergo/src/utils/Log.go:56: [[finish to get user info.]]
[ERROR]2016/10/20 18:00:00 /data1/project/go/supergo/src/utils/Log.go:56: [[-->from client Call: 2016-10-20 18:00:00 go client map[user_id:144]]]
[NOTICE]2016/10/20 18:00:00 /data1/project/go/supergo/src/utils/Log.go:56: [[finish to get user info.]]
[ERROR]2016/10/20 18:00:06 /data1/project/go/supergo/src/utils/Log.go:56: [[-->from client Call: 2016-10-20 18:00:06 php client map[user_id:145 user_name:redfox241 nick_name:Alex intro:like bird ....]]]
[NOTICE]2016/10/20 18:00:06 /data1/project/go/supergo/src/utils/Log.go:56: [[finish to get user info.]]
[ERROR]2016/10/20 18:26:03 /data1/project/go/supergo/src/utils/Log.go:56: [[-->from client Call: 2016-10-20 18:26:03 php client map[user_name:redfox241 nick_name:Alex intro:like bird .... user_id:146]]]
[NOTICE]2016/10/20 18:26:03 /data1/project/go/supergo/src/utils/Log.go:56: [[finish to get user info.]]
[ERROR]2016/10/20 18:26:08 /data1/project/go/supergo/src/utils/Log.go:56: [[-->from client Call: 2016-10-20 18:26:08 php client map[user_id:147 user_name:redfox241 nick_name:Alex intro:like bird ....]]]
[NOTICE]2016/10/20 18:26:08 /data1/project/go/supergo/src/utils/Log.go:56: [[finish to get user info.]]
[ERROR]2016/10/20 18:29:50 /data1/project/go/supergo/src/utils/Log.go:56: [[-->from client Call: 2016-10-20 18:29:50 php client map[user_id:148 user_name:redfox241 nick_name:Alex intro:like bird ....]]]
[NOTICE]2016/10/20 18:29:50 /data1/project/go/supergo/src/utils/Log.go:56: [[finish to get user info.]]
[ERROR]2016/10/20 18:54:29 /data1/project/go/supergo/src/utils/Log.go:56: [[-->from client Call: 2016-10-20 18:54:29 php client map[user_id:8]]]
[NOTICE]2016/10/20 18:54:29 /data1/project/go/supergo/src/utils/Log.go:56: [[finish to get user info.]]
[ERROR]2016/10/20 18:54:31 /data1/project/go/supergo/src/utils/Log.go:56: [[-->from client Call: 2016-10-20 18:54:31 php client map[user_id:8]]]
[NOTICE]2016/10/20 18:54:31 /data1/project/go/supergo/src/utils/Log.go:56: [[finish to get user info.]]
[ERROR]2016/10/20 18:54:32 /data1/project/go/supergo/src/utils/Log.go:56: [[-->from client Call: 2016-10-20 18:54:32 php client map[user_id:8]]]
[NOTICE]2016/10/20 18:54:32 /data1/project/go/supergo/src/utils/Log.go:56: [[finish to get user info.]]
[ERROR]2016/10/20 18:54:33 /data1/project/go/supergo/src/utils/Log.go:56: [[-->from client Call: 2016-10-20 18:54:33 php client map[user_id:8]]]
[NOTICE]2016/10/20 18:54:33 /data1/project/go/supergo/src/utils/Log.go:56: [[finish to get user info.]]
[ERROR]2016/10/20 18:54:34 /data1/project/go/supergo/src/utils/Log.go:56: [[-->from client Call: 2016-10-20 18:54:34 php client map[user_id:8]]]
[NOTICE]2016/10/20 18:54:34 /data1/project/go/supergo/src/utils/Log.go:56: [[finish to get user info.]]
[ERROR]2016/10/20 18:54:34 /data1/project/go/supergo/src/utils/Log.go:56: [[-->from client Call: 2016-10-20 18:54:34 php client map[user_id:8]]]
[NOTICE]2016/10/20 18:54:34 /data1/project/go/supergo/src/utils/Log.go:56: [[finish to get user info.]]
[ERROR]2016/10/20 18:54:35 /data1/project/go/supergo/src/utils/Log.go:56: [[-->from client Call: 2016-10-20 18:54:35 php client map[user_id:8]]]
[NOTICE]2016/10/20 18:54:35 /data1/project/go/supergo/src/utils/Log.go:56: [[finish to get user info.]]
[ERROR]2016/10/20 18:54:35 /data1/project/go/supergo/src/utils/Log.go:56: [[-->from client Call: 2016-10-20 18:54:35 php client map[user_id:8]]]
[NOTICE]2016/10/20 18:54:35 /data1/project/go/supergo/src/utils/Log.go:56: [[finish to get user info.]]
[ERROR]2016/10/20 18:54:35 /data1/project/go/supergo/src/utils/Log.go:56: [[-->from client Call: 2016-10-20 18:54:35 php client map[user_id:8]]]
[NOTICE]2016/10/20 18:54:35 /data1/project/go/supergo/src/utils/Log.go:56: [[finish to get user info.]]
[ERROR]2016/10/20 18:54:36 /data1/project/go/supergo/src/utils/Log.go:56: [[-->from client Call: 2016-10-20 18:54:36 php client map[user_id:8]]]
[NOTICE]2016/10/20 18:54:36 /data1/project/go/supergo/src/utils/Log.go:56: [[finish to get user info.]]
[ERROR]2016/10/20 18:54:36 /data1/project/go/supergo/src/utils/Log.go:56: [[-->from client Call: 2016-10-20 18:54:36 php client map[user_id:8]]]
[NOTICE]2016/10/20 18:54:36 /data1/project/go/supergo/src/utils/Log.go:56: [[finish to get user info.]]
[ERROR]2016/10/20 18:54:37 /data1/project/go/supergo/src/utils/Log.go:56: [[-->from client Call: 2016-10-20 18:54:37 php client map[user_id:8]]]
[NOTICE]2016/10/20 18:54:37 /data1/project/go/supergo/src/utils/Log.go:56: [[finish to get user info.]]
[ERROR]2016/10/20 18:54:37 /data1/project/go/supergo/src/utils/Log.go:56: [[-->from client Call: 2016-10-20 18:54:37 php client map[user_id:8]]]
[NOTICE]2016/10/20 18:54:37 /data1/project/go/supergo/src/utils/Log.go:56: [[finish to get user info.]]
[ERROR]2016/10/20 18:54:38 /data1/project/go/supergo/src/utils/Log.go:56: [[-->from client Call: 2016-10-20 18:54:38 php client map[user_id:8]]]
[NOTICE]2016/10/20 18:54:38 /data1/project/go/supergo/src/utils/Log.go:56: [[finish to get user info.]]
[ERROR]2016/10/20 18:54:38 /data1/project/go/supergo/src/utils/Log.go:56: [[-->from client Call: 2016-10-20 18:54:38 php client map[user_id:8]]]
[NOTICE]2016/10/20 18:54:38 /data1/project/go/supergo/src/utils/Log.go:56: [[finish to get user info.]]
[ERROR]2016/10/20 18:54:38 /data1/project/go/supergo/src/utils/Log.go:56: [[-->from client Call: 2016-10-20 18:54:38 php client map[user_id:8]]]
[NOTICE]2016/10/20 18:54:38 /data1/project/go/supergo/src/utils/Log.go:56: [[finish to get user info.]]
[ERROR]2016/10/20 18:54:39 /data1/project/go/supergo/src/utils/Log.go:56: [[-->from client Call: 2016-10-20 18:54:39 php client map[user_id:8]]]
[NOTICE]2016/10/20 18:54:39 /data1/project/go/supergo/src/utils/Log.go:56: [[finish to get user info.]]
[ERROR]2016/10/20 18:54:40 /data1/project/go/supergo/src/utils/Log.go:56: [[-->from client Call: 2016-10-20 18:54:40 php client map[user_id:8]]]
[NOTICE]2016/10/20 18:54:40 /data1/project/go/supergo/src/utils/Log.go:56: [[finish to get user info.]]
[ERROR]2016/10/20 18:54:40 /data1/project/go/supergo/src/utils/Log.go:56: [[-->from client Call: 2016-10-20 18:54:40 php client map[user_id:8]]]
[NOTICE]2016/10/20 18:54:40 /data1/project/go/supergo/src/utils/Log.go:56: [[finish to get user info.]]
[ERROR]2016/10/20 18:54:40 /data1/project/go/supergo/src/utils/Log.go:56: [[-->from client Call: 2016-10-20 18:54:40 php client map[user_id:8]]]
[NOTICE]2016/10/20 18:54:40 /data1/project/go/supergo/src/utils/Log.go:56: [[finish to get user info.]]
[ERROR]2016/10/20 18:54:41 /data1/project/go/supergo/src/utils/Log.go:56: [[-->from client Call: 2016-10-20 18:54:41 php client map[user_id:8]]]
[NOTICE]2016/10/20 18:54:41 /data1/project/go/supergo/src/utils/Log.go:56: [[finish to get user info.]]
[ERROR]2016/10/20 18:54:41 /data1/project/go/supergo/src/utils/Log.go:56: [[-->from client Call: 2016-10-20 18:54:41 php client map[user_id:8]]]
[NOTICE]2016/10/20 18:54:41 /data1/project/go/supergo/src/utils/Log.go:56: [[finish to get user info.]]
[ERROR]2016/10/20 18:54:42 /data1/project/go/supergo/src/utils/Log.go:56: [[-->from client Call: 2016-10-20 18:54:42 php client map[user_id:8]]]
[NOTICE]2016/10/20 18:54:42 /data1/project/go/supergo/src/utils/Log.go:56: [[finish to get user info.]]
[ERROR]2016/10/20 18:54:42 /data1/project/go/supergo/src/utils/Log.go:56: [[-->from client Call: 2016-10-20 18:54:42 php client map[user_id:8]]]
[NOTICE]2016/10/20 18:54:42 /data1/project/go/supergo/src/utils/Log.go:56: [[finish to get user info.]]
[ERROR]2016/10/20 18:54:42 /data1/project/go/supergo/src/utils/Log.go:56: [[-->from client Call: 2016-10-20 18:54:42 php client map[user_id:8]]]
[NOTICE]2016/10/20 18:54:42 /data1/project/go/supergo/src/utils/Log.go:56: [[finish to get user info.]]
[ERROR]2016/10/20 18:54:57 /data1/project/go/supergo/src/utils/Log.go:56: [[-->from client Call: 2016-10-20 18:54:57 php client map[user_id:8]]]
[NOTICE]2016/10/20 18:54:57 /data1/project/go/supergo/src/utils/Log.go:56: [[finish to get user info.]]
[ERROR]2016/10/20 18:54:58 /data1/project/go/supergo/src/utils/Log.go:56: [[-->from client Call: 2016-10-20 18:54:58 php client map[user_id:8]]]
[NOTICE]2016/10/20 18:54:58 /data1/project/go/supergo/src/utils/Log.go:56: [[finish to get user info.]]
[ERROR]2016/10/20 18:55:18 /data1/project/go/supergo/src/utils/Log.go:56: [[-->from client Call: 2016-10-20 18:55:18 php client map[user_id:8]]]
[NOTICE]2016/10/20 18:55:18 /data1/project/go/supergo/src/utils/Log.go:56: [[finish to get user info.]]
[ERROR]2016/10/20 18:55:21 /data1/project/go/supergo/src/utils/Log.go:56: [[-->from client Call: 2016-10-20 18:55:21 php client map[user_id:8]]]
[NOTICE]2016/10/20 18:55:21 /data1/project/go/supergo/src/utils/Log.go:56: [[finish to get user info.]]
[ERROR]2016/10/20 18:55:22 /data1/project/go/supergo/src/utils/Log.go:56: [[-->from client Call: 2016-10-20 18:55:22 php client map[user_id:8]]]
[NOTICE]2016/10/20 18:55:22 /data1/project/go/supergo/src/utils/Log.go:56: [[finish to get user info.]]
[ERROR]2016/10/20 18:55:23 /data1/project/go/supergo/src/utils/Log.go:56: [[-->from client Call: 2016-10-20 18:55:23 php client map[user_id:8]]]
[NOTICE]2016/10/20 18:55:23 /data1/project/go/supergo/src/utils/Log.go:56: [[finish to get user info.]]
[ERROR]2016/10/20 18:55:23 /data1/project/go/supergo/src/utils/Log.go:56: [[-->from client Call: 2016-10-20 18:55:23 php client map[user_id:8]]]
[NOTICE]2016/10/20 18:55:23 /data1/project/go/supergo/src/utils/Log.go:56: [[finish to get user info.]]
[ERROR]2016/10/20 18:55:24 /data1/project/go/supergo/src/utils/Log.go:56: [[-->from client Call: 2016-10-20 18:55:24 php client map[user_id:8]]]
[NOTICE]2016/10/20 18:55:24 /data1/project/go/supergo/src/utils/Log.go:56: [[finish to get user info.]]
[ERROR]2016/10/20 18:55:24 /data1/project/go/supergo/src/utils/Log.go:56: [[-->from client Call: 2016-10-20 18:55:24 php client map[user_id:8]]]
[NOTICE]2016/10/20 18:55:24 /data1/project/go/supergo/src/utils/Log.go:56: [[finish to get user info.]]
[ERROR]2016/10/20 18:55:25 /data1/project/go/supergo/src/utils/Log.go:56: [[-->from client Call: 2016-10-20 18:55:25 php client map[user_id:8]]]
[NOTICE]2016/10/20 18:55:25 /data1/project/go/supergo/src/utils/Log.go:56: [[finish to get user info.]]
[ERROR]2016/10/20 18:55:25 /data1/project/go/supergo/src/utils/Log.go:56: [[-->from client Call: 2016-10-20 18:55:25 php client map[user_id:8]]]
[NOTICE]2016/10/20 18:55:25 /data1/project/go/supergo/src/utils/Log.go:56: [[finish to get user info.]]
[ERROR]2016/10/20 18:55:26 /data1/project/go/supergo/src/utils/Log.go:56: [[-->from client Call: 2016-10-20 18:55:26 php client map[user_id:8]]]
[NOTICE]2016/10/20 18:55:26 /data1/project/go/supergo/src/utils/Log.go:56: [[finish to get user info.]]
[ERROR]2016/10/20 18:55:26 /data1/project/go/supergo/src/utils/Log.go:56: [[-->from client Call: 2016-10-20 18:55:26 php client map[user_id:8]]]
[NOTICE]2016/10/20 18:55:26 /data1/project/go/supergo/src/utils/Log.go:56: [[finish to get user info.]]
[ERROR]2016/10/20 18:55:26 /data1/project/go/supergo/src/utils/Log.go:56: [[-->from client Call: 2016-10-20 18:55:26 php client map[user_id:8]]]
[NOTICE]2016/10/20 18:55:26 /data1/project/go/supergo/src/utils/Log.go:56: [[finish to get user info.]]
[ERROR]2016/10/20 18:55:27 /data1/project/go/supergo/src/utils/Log.go:56: [[-->from client Call: 2016-10-20 18:55:27 php client map[user_id:8]]]
[NOTICE]2016/10/20 18:55:27 /data1/project/go/supergo/src/utils/Log.go:56: [[finish to get user info.]]
[ERROR]2016/10/20 18:58:49 /data1/project/go/supergo/src/utils/Log.go:56: [[-->from client Call: 2016-10-20 18:58:49 php client map[user_id:8]]]
[NOTICE]2016/10/20 18:58:49 /data1/project/go/supergo/src/utils/Log.go:56: [[finish to get user info.]]
[ERROR]2016/10/20 18:59:00 /data1/project/go/supergo/src/utils/Log.go:56: [[-->from client Call: 2016-10-20 18:59:00 go client map[user_id:151]]]
[NOTICE]2016/10/20 18:59:00 /data1/project/go/supergo/src/utils/Log.go:56: [[finish to get user info.]]
[ERROR]2016/10/20 18:59:01 /data1/project/go/supergo/src/utils/Log.go:56: [[-->from client Call: 2016-10-20 18:59:01 go client map[user_id:152]]]
[NOTICE]2016/10/20 18:59:01 /data1/project/go/supergo/src/utils/Log.go:56: [[finish to get user info.]]
[ERROR]2016/10/20 18:59:02 /data1/project/go/supergo/src/utils/Log.go:56: [[-->from client Call: 2016-10-20 18:59:02 go client map[user_id:153]]]
[NOTICE]2016/10/20 18:59:02 /data1/project/go/supergo/src/utils/Log.go:56: [[finish to get user info.]]
[ERROR]2016/10/20 18:59:02 /data1/project/go/supergo/src/utils/Log.go:56: [[-->from client Call: 2016-10-20 18:59:02 go client map[user_id:154]]]
[NOTICE]2016/10/20 18:59:02 /data1/project/go/supergo/src/utils/Log.go:56: [[finish to get user info.]]
[ERROR]2016/10/20 18:59:03 /data1/project/go/supergo/src/utils/Log.go:56: [[-->from client Call: 2016-10-20 18:59:03 go client map[user_id:155]]]
[NOTICE]2016/10/20 18:59:03 /data1/project/go/supergo/src/utils/Log.go:56: [[finish to get user info.]]
[ERROR]2016/10/20 18:59:03 /data1/project/go/supergo/src/utils/Log.go:56: [[-->from client Call: 2016-10-20 18:59:03 go client map[user_id:156]]]
[NOTICE]2016/10/20 18:59:03 /data1/project/go/supergo/src/utils/Log.go:56: [[finish to get user info.]]
[ERROR]2016/10/20 18:59:04 /data1/project/go/supergo/src/utils/Log.go:56: [[-->from client Call: 2016-10-20 18:59:04 go client map[user_id:157]]]
[NOTICE]2016/10/20 18:59:04 /data1/project/go/supergo/src/utils/Log.go:56: [[finish to get user info.]]
[ERROR]2016/10/20 18:59:04 /data1/project/go/supergo/src/utils/Log.go:56: [[-->from client Call: 2016-10-20 18:59:04 go client map[user_id:158]]]
[NOTICE]2016/10/20 18:59:04 /data1/project/go/supergo/src/utils/Log.go:56: [[finish to get user info.]]
[ERROR]2016/10/20 18:59:05 /data1/project/go/supergo/src/utils/Log.go:56: [[-->from client Call: 2016-10-20 18:59:05 go client map[user_id:159]]]
[NOTICE]2016/10/20 18:59:05 /data1/project/go/supergo/src/utils/Log.go:56: [[finish to get user info.]]
[ERROR]2016/10/20 18:59:05 /data1/project/go/supergo/src/utils/Log.go:56: [[-->from client Call: 2016-10-20 18:59:05 go client map[user_id:160]]]
[NOTICE]2016/10/20 18:59:05 /data1/project/go/supergo/src/utils/Log.go:56: [[finish to get user info.]]
[ERROR]2016/10/20 18:59:06 /data1/project/go/supergo/src/utils/Log.go:56: [[-->from client Call: 2016-10-20 18:59:06 go client map[user_id:161]]]
[NOTICE]2016/10/20 18:59:06 /data1/project/go/supergo/src/utils/Log.go:56: [[finish to get user info.]]
[ERROR]2016/10/20 18:59:06 /data1/project/go/supergo/src/utils/Log.go:56: [[-->from client Call: 2016-10-20 18:59:06 go client map[user_id:162]]]
[NOTICE]2016/10/20 18:59:06 /data1/project/go/supergo/src/utils/Log.go:56: [[finish to get user info.]]
[ERROR]2016/10/20 18:59:06 /data1/project/go/supergo/src/utils/Log.go:56: [[-->from client Call: 2016-10-20 18:59:06 go client map[user_id:163]]]
[NOTICE]2016/10/20 18:59:06 /data1/project/go/supergo/src/utils/Log.go:56: [[finish to get user info.]]
[ERROR]2016/10/20 18:59:07 /data1/project/go/supergo/src/utils/Log.go:56: [[-->from client Call: 2016-10-20 18:59:07 go client map[user_id:164]]]
[NOTICE]2016/10/20 18:59:07 /data1/project/go/supergo/src/utils/Log.go:56: [[finish to get user info.]]
[ERROR]2016/10/20 18:59:09 /data1/project/go/supergo/src/utils/Log.go:56: [[-->from client Call: 2016-10-20 18:59:09 php client map[user_id:8]]]
[NOTICE]2016/10/20 18:59:09 /data1/project/go/supergo/src/utils/Log.go:56: [[finish to get user info.]]
[ERROR]2016/10/20 18:59:10 /data1/project/go/supergo/src/utils/Log.go:56: [[-->from client Call: 2016-10-20 18:59:10 php client map[user_id:8]]]
[NOTICE]2016/10/20 18:59:10 /data1/project/go/supergo/src/utils/Log.go:56: [[finish to get user info.]]
[ERROR]2016/10/20 18:59:10 /data1/project/go/supergo/src/utils/Log.go:56: [[-->from client Call: 2016-10-20 18:59:10 php client map[user_id:8]]]
[NOTICE]2016/10/20 18:59:10 /data1/project/go/supergo/src/utils/Log.go:56: [[finish to get user info.]]
[ERROR]2016/10/20 18:59:11 /data1/project/go/supergo/src/utils/Log.go:56: [[-->from client Call: 2016-10-20 18:59:11 php client map[user_id:8]]]
[NOTICE]2016/10/20 18:59:11 /data1/project/go/supergo/src/utils/Log.go:56: [[finish to get user info.]]
[ERROR]2016/10/20 18:59:11 /data1/project/go/supergo/src/utils/Log.go:56: [[-->from client Call: 2016-10-20 18:59:11 php client map[user_id:8]]]
[NOTICE]2016/10/20 18:59:11 /data1/project/go/supergo/src/utils/Log.go:56: [[finish to get user info.]]
[ERROR]2016/10/20 18:59:12 /data1/project/go/supergo/src/utils/Log.go:56: [[-->from client Call: 2016-10-20 18:59:12 php client map[user_id:8]]]
[NOTICE]2016/10/20 18:59:12 /data1/project/go/supergo/src/utils/Log.go:56: [[finish to get user info.]]
[ERROR]2016/10/20 18:59:12 /data1/project/go/supergo/src/utils/Log.go:56: [[-->from client Call: 2016-10-20 18:59:12 php client map[user_id:8]]]
[NOTICE]2016/10/20 18:59:12 /data1/project/go/supergo/src/utils/Log.go:56: [[finish to get user info.]]
[ERROR]2016/10/20 18:59:13 /data1/project/go/supergo/src/utils/Log.go:56: [[-->from client Call: 2016-10-20 18:59:13 php client map[user_id:8]]]
[NOTICE]2016/10/20 18:59:13 /data1/project/go/supergo/src/utils/Log.go:56: [[finish to get user info.]]
[ERROR]2016/10/20 18:59:13 /data1/project/go/supergo/src/utils/Log.go:56: [[-->from client Call: 2016-10-20 18:59:13 php client map[user_id:8]]]
[NOTICE]2016/10/20 18:59:13 /data1/project/go/supergo/src/utils/Log.go:56: [[finish to get user info.]]
[ERROR]2016/10/20 18:59:13 /data1/project/go/supergo/src/utils/Log.go:56: [[-->from client Call: 2016-10-20 18:59:13 php client map[user_id:8]]]
[NOTICE]2016/10/20 18:59:13 /data1/project/go/supergo/src/utils/Log.go:56: [[finish to get user info.]]
[ERROR]2016/10/20 18:59:14 /data1/project/go/supergo/src/utils/Log.go:56: [[-->from client Call: 2016-10-20 18:59:14 php client map[user_id:8]]]
[NOTICE]2016/10/20 18:59:14 /data1/project/go/supergo/src/utils/Log.go:56: [[finish to get user info.]]
[ERROR]2016/10/20 18:59:14 /data1/project/go/supergo/src/utils/Log.go:56: [[-->from client Call: 2016-10-20 18:59:14 php client map[user_id:8]]]
[NOTICE]2016/10/20 18:59:14 /data1/project/go/supergo/src/utils/Log.go:56: [[finish to get user info.]]
[ERROR]2016/10/20 18:59:14 /data1/project/go/supergo/src/utils/Log.go:56: [[-->from client Call: 2016-10-20 18:59:14 php client map[user_id:8]]]
[NOTICE]2016/10/20 18:59:14 /data1/project/go/supergo/src/utils/Log.go:56: [[finish to get user info.]]
[ERROR]2016/10/20 18:59:15 /data1/project/go/supergo/src/utils/Log.go:56: [[-->from client Call: 2016-10-20 18:59:15 php client map[user_id:8]]]
[NOTICE]2016/10/20 18:59:15 /data1/project/go/supergo/src/utils/Log.go:56: [[finish to get user info.]]
[ERROR]2016/10/20 19:01:13 /data1/project/go/supergo/src/utils/Log.go:56: [[-->from client Call: 2016-10-20 19:01:13 go client map[user_id:165]]]
[NOTICE]2016/10/20 19:01:13 /data1/project/go/supergo/src/utils/Log.go:56: [[finish to get user info.]]
[ERROR]2016/10/20 19:01:21 /data1/project/go/supergo/src/utils/Log.go:56: [[-->from client Call: 2016-10-20 19:01:21 go client map[user_id:166]]]
[NOTICE]2016/10/20 19:01:21 /data1/project/go/supergo/src/utils/Log.go:56: [[finish to get user info.]]
[ERROR]2016/10/20 19:01:54 /data1/project/go/supergo/src/utils/Log.go:56: [[-->from client Call: 2016-10-20 19:01:54 php client map[intro:like bird .... user_id:167 user_name:redfox241 nick_name:Alex]]]
[NOTICE]2016/10/20 19:01:54 /data1/project/go/supergo/src/utils/Log.go:56: [[finish to get user info.]]
[ERROR]2016/10/20 19:02:28 /data1/project/go/supergo/src/utils/Log.go:56: [[-->from client Call: 2016-10-20 19:02:28 go client map[user_id:168]]]
[NOTICE]2016/10/20 19:02:28 /data1/project/go/supergo/src/utils/Log.go:56: [[finish to get user info.]]
[ERROR]2016/10/20 19:02:29 /data1/project/go/supergo/src/utils/Log.go:56: [[-->from client Call: 2016-10-20 19:02:29 go client map[user_id:169]]]
[NOTICE]2016/10/20 19:02:29 /data1/project/go/supergo/src/utils/Log.go:56: [[finish to get user info.]]
[ERROR]2016/10/20 19:02:30 /data1/project/go/supergo/src/utils/Log.go:56: [[-->from client Call: 2016-10-20 19:02:30 go client map[user_id:170]]]
[NOTICE]2016/10/20 19:02:30 /data1/project/go/supergo/src/utils/Log.go:56: [[finish to get user info.]]
[ERROR]2016/10/20 19:02:30 /data1/project/go/supergo/src/utils/Log.go:56: [[-->from client Call: 2016-10-20 19:02:30 go client map[user_id:171]]]
[NOTICE]2016/10/20 19:02:30 /data1/project/go/supergo/src/utils/Log.go:56: [[finish to get user info.]]
[ERROR]2016/10/20 19:02:31 /data1/project/go/supergo/src/utils/Log.go:56: [[-->from client Call: 2016-10-20 19:02:31 go client map[user_id:172]]]
[NOTICE]2016/10/20 19:02:31 /data1/project/go/supergo/src/utils/Log.go:56: [[finish to get user info.]]
[ERROR]2016/10/20 19:02:32 /data1/project/go/supergo/src/utils/Log.go:56: [[-->from client Call: 2016-10-20 19:02:32 go client map[user_id:173]]]
[NOTICE]2016/10/20 19:02:32 /data1/project/go/supergo/src/utils/Log.go:56: [[finish to get user info.]]
[ERROR]2016/10/20 19:02:33 /data1/project/go/supergo/src/utils/Log.go:56: [[-->from client Call: 2016-10-20 19:02:33 go client map[user_id:174]]]
[NOTICE]2016/10/20 19:02:33 /data1/project/go/supergo/src/utils/Log.go:56: [[finish to get user info.]]
[ERROR]2016/10/20 19:02:33 /data1/project/go/supergo/src/utils/Log.go:56: [[-->from client Call: 2016-10-20 19:02:33 go client map[user_id:175]]]
[NOTICE]2016/10/20 19:02:33 /data1/project/go/supergo/src/utils/Log.go:56: [[finish to get user info.]]
[ERROR]2016/10/20 19:02:34 /data1/project/go/supergo/src/utils/Log.go:56: [[-->from client Call: 2016-10-20 19:02:34 go client map[user_id:176]]]
[NOTICE]2016/10/20 19:02:34 /data1/project/go/supergo/src/utils/Log.go:56: [[finish to get user info.]]
[ERROR]2016/10/20 19:02:34 /data1/project/go/supergo/src/utils/Log.go:56: [[-->from client Call: 2016-10-20 19:02:34 go client map[user_id:177]]]
[NOTICE]2016/10/20 19:02:34 /data1/project/go/supergo/src/utils/Log.go:56: [[finish to get user info.]]
[ERROR]2016/10/20 19:02:35 /data1/project/go/supergo/src/utils/Log.go:56: [[-->from client Call: 2016-10-20 19:02:35 go client map[user_id:178]]]
[NOTICE]2016/10/20 19:02:35 /data1/project/go/supergo/src/utils/Log.go:56: [[finish to get user info.]]
[ERROR]2016/10/20 19:02:36 /data1/project/go/supergo/src/utils/Log.go:56: [[-->from client Call: 2016-10-20 19:02:36 go client map[user_id:179]]]
[NOTICE]2016/10/20 19:02:36 /data1/project/go/supergo/src/utils/Log.go:56: [[finish to get user info.]]
[ERROR]2016/10/20 19:02:36 /data1/project/go/supergo/src/utils/Log.go:56: [[-->from client Call: 2016-10-20 19:02:36 go client map[user_id:180]]]
[NOTICE]2016/10/20 19:02:36 /data1/project/go/supergo/src/utils/Log.go:56: [[finish to get user info.]]
[ERROR]2016/10/20 19:02:37 /data1/project/go/supergo/src/utils/Log.go:56: [[-->from client Call: 2016-10-20 19:02:37 go client map[user_id:181]]]
[NOTICE]2016/10/20 19:02:37 /data1/project/go/supergo/src/utils/Log.go:56: [[finish to get user info.]]
[ERROR]2016/10/20 19:02:37 /data1/project/go/supergo/src/utils/Log.go:56: [[-->from client Call: 2016-10-20 19:02:37 go client map[user_id:182]]]
[NOTICE]2016/10/20 19:02:37 /data1/project/go/supergo/src/utils/Log.go:56: [[finish to get user info.]]
[ERROR]2016/10/20 19:02:41 /data1/project/go/supergo/src/utils/Log.go:56: [[-->from client Call: 2016-10-20 19:02:41 php client map[user_name:redfox241 nick_name:Alex intro:like bird .... user_id:183]]]
[NOTICE]2016/10/20 19:02:41 /data1/project/go/supergo/src/utils/Log.go:56: [[finish to get user info.]]
[ERROR]2016/10/20 19:02:42 /data1/project/go/supergo/src/utils/Log.go:56: [[-->from client Call: 2016-10-20 19:02:42 php client map[user_id:184 user_name:redfox241 nick_name:Alex intro:like bird ....]]]
[NOTICE]2016/10/20 19:02:42 /data1/project/go/supergo/src/utils/Log.go:56: [[finish to get user info.]]
[ERROR]2016/10/20 19:02:43 /data1/project/go/supergo/src/utils/Log.go:56: [[-->from client Call: 2016-10-20 19:02:43 php client map[nick_name:Alex intro:like bird .... user_id:185 user_name:redfox241]]]
[NOTICE]2016/10/20 19:02:43 /data1/project/go/supergo/src/utils/Log.go:56: [[finish to get user info.]]
[ERROR]2016/10/20 19:02:43 /data1/project/go/supergo/src/utils/Log.go:56: [[-->from client Call: 2016-10-20 19:02:43 php client map[intro:like bird .... user_id:186 user_name:redfox241 nick_name:Alex]]]
[NOTICE]2016/10/20 19:02:43 /data1/project/go/supergo/src/utils/Log.go:56: [[finish to get user info.]]
[ERROR]2016/10/20 19:02:44 /data1/project/go/supergo/src/utils/Log.go:56: [[-->from client Call: 2016-10-20 19:02:44 php client map[user_name:redfox241 nick_name:Alex intro:like bird .... user_id:187]]]
[NOTICE]2016/10/20 19:02:44 /data1/project/go/supergo/src/utils/Log.go:56: [[finish to get user info.]]
[ERROR]2016/10/20 19:02:44 /data1/project/go/supergo/src/utils/Log.go:56: [[-->from client Call: 2016-10-20 19:02:44 php client map[user_id:188 user_name:redfox241 nick_name:Alex intro:like bird ....]]]
[NOTICE]2016/10/20 19:02:44 /data1/project/go/supergo/src/utils/Log.go:56: [[finish to get user info.]]
[ERROR]2016/10/20 19:02:45 /data1/project/go/supergo/src/utils/Log.go:56: [[-->from client Call: 2016-10-20 19:02:45 php client map[intro:like bird .... user_id:189 user_name:redfox241 nick_name:Alex]]]
[NOTICE]2016/10/20 19:02:45 /data1/project/go/supergo/src/utils/Log.go:56: [[finish to get user info.]]
[ERROR]2016/10/20 19:02:45 /data1/project/go/supergo/src/utils/Log.go:56: [[-->from client Call: 2016-10-20 19:02:45 php client map[user_id:190 user_name:redfox241 nick_name:Alex intro:like bird ....]]]
[NOTICE]2016/10/20 19:02:45 /data1/project/go/supergo/src/utils/Log.go:56: [[finish to get user info.]]
[ERROR]2016/10/20 19:03:57 /data1/project/go/supergo/src/utils/Log.go:56: [[-->from client Call: 2016-10-20 19:03:57 php client map[nick_name:Alex intro:like bird .... user_id:191 user_name:redfox241]]]
[NOTICE]2016/10/20 19:03:57 /data1/project/go/supergo/src/utils/Log.go:56: [[finish to get user info.]]
[ERROR]2016/10/20 19:03:58 /data1/project/go/supergo/src/utils/Log.go:56: [[-->from client Call: 2016-10-20 19:03:58 php client map[user_id:192 user_name:redfox241 nick_name:Alex intro:like bird ....]]]
[NOTICE]2016/10/20 19:03:58 /data1/project/go/supergo/src/utils/Log.go:56: [[finish to get user info.]]
[ERROR]2016/10/20 19:04:14 /data1/project/go/supergo/src/utils/Log.go:56: [[-->from client Call: 2016-10-20 19:04:14 php client map[user_name:redfox241 nick_name:Alex intro:like bird .... user_id:193]]]
[NOTICE]2016/10/20 19:04:14 /data1/project/go/supergo/src/utils/Log.go:56: [[finish to get user info.]]
[ERROR]2016/10/20 19:28:11 /data1/project/go/supergo/src/utils/Log.go:56: [[-->from client Call: 2016-10-20 19:28:11 go client map[user_id:194]]]
[NOTICE]2016/10/20 19:28:11 /data1/project/go/supergo/src/utils/Log.go:56: [[finish to get user info.]]
[ERROR]2016/10/20 19:28:18 /data1/project/go/supergo/src/utils/Log.go:56: [[-->from client Call: 2016-10-20 19:28:18 php client map[user_name:redfox241 nick_name:Alex intro:like bird .... user_id:195]]]
[NOTICE]2016/10/20 19:28:18 /data1/project/go/supergo/src/utils/Log.go:56: [[finish to get user info.]]
[ERROR]2016/10/20 19:28:19 /data1/project/go/supergo/src/utils/Log.go:56: [[-->from client Call: 2016-10-20 19:28:19 php client map[user_id:196 user_name:redfox241 nick_name:Alex intro:like bird ....]]]
[NOTICE]2016/10/20 19:28:19 /data1/project/go/supergo/src/utils/Log.go:56: [[finish to get user info.]]
[ERROR]2016/10/20 19:28:20 /data1/project/go/supergo/src/utils/Log.go:56: [[-->from client Call: 2016-10-20 19:28:20 php client map[user_id:197 user_name:redfox241 nick_name:Alex intro:like bird ....]]]
[NOTICE]2016/10/20 19:28:20 /data1/project/go/supergo/src/utils/Log.go:56: [[finish to get user info.]]
[ERROR]2016/10/20 19:28:26 /data1/project/go/supergo/src/utils/Log.go:56: [[-->from client Call: 2016-10-20 19:28:26 go client map[user_id:198]]]
[NOTICE]2016/10/20 19:28:26 /data1/project/go/supergo/src/utils/Log.go:56: [[finish to get user info.]]
[ERROR]2016/10/20 19:28:28 /data1/project/go/supergo/src/utils/Log.go:56: [[-->from client Call: 2016-10-20 19:28:28 php client map[intro:like bird .... user_id:199 user_name:redfox241 nick_name:Alex]]]
[NOTICE]2016/10/20 19:28:28 /data1/project/go/supergo/src/utils/Log.go:56: [[finish to get user info.]]
[ERROR]2016/10/20 19:28:33 /data1/project/go/supergo/src/utils/Log.go:56: [[-->from client Call: 2016-10-20 19:28:33 php client map[intro:like bird .... user_id:200 user_name:redfox241 nick_name:Alex]]]
[NOTICE]2016/10/20 19:28:33 /data1/project/go/supergo/src/utils/Log.go:56: [[finish to get user info.]]
[ERROR]2016/10/20 19:28:34 /data1/project/go/supergo/src/utils/Log.go:56: [[-->from client Call: 2016-10-20 19:28:34 php client map[user_id:201 user_name:redfox241 nick_name:Alex intro:like bird ....]]]
[NOTICE]2016/10/20 19:28:34 /data1/project/go/supergo/src/utils/Log.go:56: [[finish to get user info.]]
[ERROR]2016/10/20 19:28:34 /data1/project/go/supergo/src/utils/Log.go:56: [[-->from client Call: 2016-10-20 19:28:34 php client map[user_id:202 user_name:redfox241 nick_name:Alex intro:like bird ....]]]
[NOTICE]2016/10/20 19:28:34 /data1/project/go/supergo/src/utils/Log.go:56: [[finish to get user info.]]
[ERROR]2016/10/20 19:28:35 /data1/project/go/supergo/src/utils/Log.go:56: [[-->from client Call: 2016-10-20 19:28:35 php client map[intro:like bird .... user_id:203 user_name:redfox241 nick_name:Alex]]]
[NOTICE]2016/10/20 19:28:35 /data1/project/go/supergo/src/utils/Log.go:56: [[finish to get user info.]]
[ERROR]2016/10/20 19:28:35 /data1/project/go/supergo/src/utils/Log.go:56: [[-->from client Call: 2016-10-20 19:28:35 php client map[user_id:204 user_name:redfox241 nick_name:Alex intro:like bird ....]]]
[NOTICE]2016/10/20 19:28:35 /data1/project/go/supergo/src/utils/Log.go:56: [[finish to get user info.]]
[ERROR]2016/10/20 19:28:36 /data1/project/go/supergo/src/utils/Log.go:56: [[-->from client Call: 2016-10-20 19:28:36 php client map[user_id:205 user_name:redfox241 nick_name:Alex intro:like bird ....]]]
[NOTICE]2016/10/20 19:28:36 /data1/project/go/supergo/src/utils/Log.go:56: [[finish to get user info.]]
[ERROR]2016/10/20 19:28:36 /data1/project/go/supergo/src/utils/Log.go:56: [[-->from client Call: 2016-10-20 19:28:36 php client map[user_id:206 user_name:redfox241 nick_name:Alex intro:like bird ....]]]
[NOTICE]2016/10/20 19:28:36 /data1/project/go/supergo/src/utils/Log.go:56: [[finish to get user info.]]
[ERROR]2016/10/20 19:28:36 /data1/project/go/supergo/src/utils/Log.go:56: [[-->from client Call: 2016-10-20 19:28:36 php client map[user_id:207 user_name:redfox241 nick_name:Alex intro:like bird ....]]]
[NOTICE]2016/10/20 19:28:36 /data1/project/go/supergo/src/utils/Log.go:56: [[finish to get user info.]]
[ERROR]2016/10/20 19:28:46 /data1/project/go/supergo/src/utils/Log.go:56: [[-->from client Call: 2016-10-20 19:28:46 php client map[user_id:8]]]
[NOTICE]2016/10/20 19:28:46 /data1/project/go/supergo/src/utils/Log.go:56: [[finish to get user info.]]
[ERROR]2016/10/20 19:28:47 /data1/project/go/supergo/src/utils/Log.go:56: [[-->from client Call: 2016-10-20 19:28:47 php client map[user_id:8]]]
[NOTICE]2016/10/20 19:28:47 /data1/project/go/supergo/src/utils/Log.go:56: [[finish to get user info.]]
[ERROR]2016/10/20 19:28:48 /data1/project/go/supergo/src/utils/Log.go:56: [[-->from client Call: 2016-10-20 19:28:48 php client map[user_id:8]]]
[NOTICE]2016/10/20 19:28:48 /data1/project/go/supergo/src/utils/Log.go:56: [[finish to get user info.]]
[ERROR]2016/10/20 19:28:48 /data1/project/go/supergo/src/utils/Log.go:56: [[-->from client Call: 2016-10-20 19:28:48 php client map[user_id:8]]]
[NOTICE]2016/10/20 19:28:48 /data1/project/go/supergo/src/utils/Log.go:56: [[finish to get user info.]]
[ERROR]2016/10/20 19:28:49 /data1/project/go/supergo/src/utils/Log.go:56: [[-->from client Call: 2016-10-20 19:28:49 php client map[user_id:8]]]
[NOTICE]2016/10/20 19:28:49 /data1/project/go/supergo/src/utils/Log.go:56: [[finish to get user info.]]
[ERROR]2016/10/20 19:28:49 /data1/project/go/supergo/src/utils/Log.go:56: [[-->from client Call: 2016-10-20 19:28:49 php client map[user_id:8]]]
[NOTICE]2016/10/20 19:28:49 /data1/project/go/supergo/src/utils/Log.go:56: [[finish to get user info.]]
[ERROR]2016/10/20 19:28:49 /data1/project/go/supergo/src/utils/Log.go:56: [[-->from client Call: 2016-10-20 19:28:49 php client map[user_id:8]]]
[NOTICE]2016/10/20 19:28:49 /data1/project/go/supergo/src/utils/Log.go:56: [[finish to get user info.]]
[ERROR]2016/10/20 19:28:50 /data1/project/go/supergo/src/utils/Log.go:56: [[-->from client Call: 2016-10-20 19:28:50 php client map[user_id:8]]]
[NOTICE]2016/10/20 19:28:50 /data1/project/go/supergo/src/utils/Log.go:56: [[finish to get user info.]]
[ERROR]2016/10/20 19:28:50 /data1/project/go/supergo/src/utils/Log.go:56: [[-->from client Call: 2016-10-20 19:28:50 php client map[user_id:8]]]
[NOTICE]2016/10/20 19:28:50 /data1/project/go/supergo/src/utils/Log.go:56: [[finish to get user info.]]
[ERROR]2016/10/20 19:28:51 /data1/project/go/supergo/src/utils/Log.go:56: [[-->from client Call: 2016-10-20 19:28:51 php client map[user_id:8]]]
[NOTICE]2016/10/20 19:28:51 /data1/project/go/supergo/src/utils/Log.go:56: [[finish to get user info.]]
[ERROR]2016/10/20 19:28:51 /data1/project/go/supergo/src/utils/Log.go:56: [[-->from client Call: 2016-10-20 19:28:51 php client map[user_id:8]]]
[NOTICE]2016/10/20 19:28:51 /data1/project/go/supergo/src/utils/Log.go:56: [[finish to get user info.]]
[ERROR]2016/10/20 19:28:52 /data1/project/go/supergo/src/utils/Log.go:56: [[-->from client Call: 2016-10-20 19:28:52 php client map[user_id:8]]]
[NOTICE]2016/10/20 19:28:52 /data1/project/go/supergo/src/utils/Log.go:56: [[finish to get user info.]]
[ERROR]2016/10/20 19:28:52 /data1/project/go/supergo/src/utils/Log.go:56: [[-->from client Call: 2016-10-20 19:28:52 php client map[user_id:8]]]
[NOTICE]2016/10/20 19:28:52 /data1/project/go/supergo/src/utils/Log.go:56: [[finish to get user info.]]
[ERROR]2016/10/20 19:28:52 /data1/project/go/supergo/src/utils/Log.go:56: [[-->from client Call: 2016-10-20 19:28:52 php client map[user_id:8]]]
[NOTICE]2016/10/20 19:28:52 /data1/project/go/supergo/src/utils/Log.go:56: [[finish to get user info.]]
[ERROR]2016/10/20 19:28:53 /data1/project/go/supergo/src/utils/Log.go:56: [[-->from client Call: 2016-10-20 19:28:53 php client map[user_id:8]]]
[NOTICE]2016/10/20 19:28:53 /data1/project/go/supergo/src/utils/Log.go:56: [[finish to get user info.]]
[ERROR]2016/10/20 19:28:53 /data1/project/go/supergo/src/utils/Log.go:56: [[-->from client Call: 2016-10-20 19:28:53 php client map[user_id:8]]]
[NOTICE]2016/10/20 19:28:53 /data1/project/go/supergo/src/utils/Log.go:56: [[finish to get user info.]]
[ERROR]2016/10/20 19:28:54 /data1/project/go/supergo/src/utils/Log.go:56: [[-->from client Call: 2016-10-20 19:28:54 php client map[user_id:8]]]
[NOTICE]2016/10/20 19:28:54 /data1/project/go/supergo/src/utils/Log.go:56: [[finish to get user info.]]
[ERROR]2016/10/20 19:28:54 /data1/project/go/supergo/src/utils/Log.go:56: [[-->from client Call: 2016-10-20 19:28:54 php client map[user_id:8]]]
[NOTICE]2016/10/20 19:28:54 /data1/project/go/supergo/src/utils/Log.go:56: [[finish to get user info.]]
[ERROR]2016/10/20 19:28:54 /data1/project/go/supergo/src/utils/Log.go:56: [[-->from client Call: 2016-10-20 19:28:54 php client map[user_id:8]]]
[NOTICE]2016/10/20 19:28:54 /data1/project/go/supergo/src/utils/Log.go:56: [[finish to get user info.]]
[ERROR]2016/10/20 19:28:55 /data1/project/go/supergo/src/utils/Log.go:56: [[-->from client Call: 2016-10-20 19:28:55 php client map[user_id:8]]]
[NOTICE]2016/10/20 19:28:55 /data1/project/go/supergo/src/utils/Log.go:56: [[finish to get user info.]]
[ERROR]2016/10/20 19:28:55 /data1/project/go/supergo/src/utils/Log.go:56: [[-->from client Call: 2016-10-20 19:28:55 php client map[user_id:8]]]
[NOTICE]2016/10/20 19:28:55 /data1/project/go/supergo/src/utils/Log.go:56: [[finish to get user info.]]
[ERROR]2016/10/20 19:28:56 /data1/project/go/supergo/src/utils/Log.go:56: [[-->from client Call: 2016-10-20 19:28:56 php client map[user_id:8]]]
[NOTICE]2016/10/20 19:28:56 /data1/project/go/supergo/src/utils/Log.go:56: [[finish to get user info.]]
[ERROR]2016/10/20 19:30:10 /data1/project/go/supergo/src/utils/Log.go:56: [[-->from client Call: 2016-10-20 19:30:10 php client map[user_id:8]]]
[NOTICE]2016/10/20 19:30:10 /data1/project/go/supergo/src/utils/Log.go:56: [[finish to get user info.]]
[ERROR]2016/10/20 19:30:11 /data1/project/go/supergo/src/utils/Log.go:56: [[-->from client Call: 2016-10-20 19:30:11 php client map[user_id:8]]]
[NOTICE]2016/10/20 19:30:11 /data1/project/go/supergo/src/utils/Log.go:56: [[finish to get user info.]]
[ERROR]2016/10/20 19:32:08 /data1/project/go/supergo/src/utils/Log.go:56: [[-->from client Call: 2016-10-20 19:32:08 php client map[user_id:8]]]
[NOTICE]2016/10/20 19:32:08 /data1/project/go/supergo/src/utils/Log.go:56: [[finish to get user info.]]
[ERROR]2016/10/20 19:32:09 /data1/project/go/supergo/src/utils/Log.go:56: [[-->from client Call: 2016-10-20 19:32:09 php client map[user_id:8]]]
[NOTICE]2016/10/20 19:32:09 /data1/project/go/supergo/src/utils/Log.go:56: [[finish to get user info.]]
[ERROR]2016/10/20 19:32:28 /data1/project/go/supergo/src/utils/Log.go:56: [[-->from client Call: 2016-10-20 19:32:28 php client map[user_id:8]]]
[NOTICE]2016/10/20 19:32:28 /data1/project/go/supergo/src/utils/Log.go:56: [[finish to get user info.]]
[ERROR]2016/10/20 19:32:28 /data1/project/go/supergo/src/utils/Log.go:56: [[-->from client Call: 2016-10-20 19:32:28 php client map[user_id:8]]]
[NOTICE]2016/10/20 19:32:28 /data1/project/go/supergo/src/utils/Log.go:56: [[finish to get user info.]]
[ERROR]2016/10/20 19:32:29 /data1/project/go/supergo/src/utils/Log.go:56: [[-->from client Call: 2016-10-20 19:32:29 php client map[user_id:8]]]
[NOTICE]2016/10/20 19:32:29 /data1/project/go/supergo/src/utils/Log.go:56: [[finish to get user info.]]
[ERROR]2016/10/20 19:45:57 /data1/project/go/supergo/src/utils/Log.go:56: [[-->from client Call: 2016-10-20 19:45:57 php client map[user_id:8]]]
[NOTICE]2016/10/20 19:45:57 /data1/project/go/supergo/src/utils/Log.go:56: [[finish to get user info.]]
[ERROR]2016/10/20 19:45:58 /data1/project/go/supergo/src/utils/Log.go:56: [[-->from client Call: 2016-10-20 19:45:58 php client map[user_id:8]]]
[NOTICE]2016/10/20 19:45:58 /data1/project/go/supergo/src/utils/Log.go:56: [[finish to get user info.]]
[ERROR]2016/10/20 19:51:10 /data1/project/go/supergo/src/utils/Log.go:56: [[-->from client Call: 2016-10-20 19:51:10 php client map[user_id:8]]]
[NOTICE]2016/10/20 19:51:10 /data1/project/go/supergo/src/utils/Log.go:56: [[finish to get user info.]]
[ERROR]2016/10/20 22:07:03 /data1/project/go/supergo/src/utils/Log.go:56: [[-->from client Call: 2016-10-20 22:07:03 php client map[user_id:8]]]
[NOTICE]2016/10/20 22:07:03 /data1/project/go/supergo/src/utils/Log.go:56: [[finish to get user info.]]
[ERROR]2016/10/20 22:57:40 /data1/project/go/supergo/src/utils/Log.go:56: [[-->from client Call: 2016-10-20 22:57:40 php client map[user_id:8]]]
[NOTICE]2016/10/20 22:57:40 /data1/project/go/supergo/src/utils/Log.go:56: [[finish to get user info.]]
[ERROR]2016/10/20 22:57:43 /data1/project/go/supergo/src/utils/Log.go:56: [[-->from client Call: 2016-10-20 22:57:43 go client map[user_id:208]]]
[NOTICE]2016/10/20 22:57:43 /data1/project/go/supergo/src/utils/Log.go:56: [[finish to get user info.]]
[ERROR]2016/10/20 22:57:54 /data1/project/go/supergo/src/utils/Log.go:56: [[-->from client Call: 2016-10-20 22:57:54 go client map[user_id:209]]]
[NOTICE]2016/10/20 22:57:54 /data1/project/go/supergo/src/utils/Log.go:56: [[finish to get user info.]]
[ERROR]2016/10/20 22:57:57 /data1/project/go/supergo/src/utils/Log.go:56: [[-->from client Call: 2016-10-20 22:57:57 php client map[user_id:8]]]
[NOTICE]2016/10/20 22:57:57 /data1/project/go/supergo/src/utils/Log.go:56: [[finish to get user info.]]
