[DEBUG]2016/10/25 18:58:51 /data1/project/go/supergo/src/utils/log.go:56: [[db connect init ...]]
[DEBUG]2016/10/25 18:58:51 /data1/project/go/supergo/src/utils/log.go:56: [[Starting the simple server on : 127.0.0.1:9090]]
[DEBUG]2016/10/25 18:59:04 /data1/project/go/supergo/src/utils/log.go:56: [[ select * from user  where user_id < 20 order by user_id desc limit 20]]
[ERROR]2016/10/25 18:59:04 /data1/project/go/supergo/src/utils/log.go:56: [[-->from client Call: map[last_id:20]]]
[NOTICE]2016/10/25 18:59:04 /data1/project/go/supergo/src/utils/log.go:56: [[finish to get user info.]]
[DEBUG]2016/10/25 18:59:14 /data1/project/go/supergo/src/utils/log.go:56: [[ select * from user  where user_id < 20 order by user_id desc limit 20]]
[ERROR]2016/10/25 18:59:14 /data1/project/go/supergo/src/utils/log.go:56: [[-->from client Call: map[last_id:20]]]
[NOTICE]2016/10/25 18:59:14 /data1/project/go/supergo/src/utils/log.go:56: [[finish to get user info.]]
[ERROR]2016/10/25 18:59:18 /data1/project/go/supergo/src/utils/log.go:56: [[-->from client Call: map[user_id:2587]]]
[NOTICE]2016/10/25 18:59:18 /data1/project/go/supergo/src/utils/log.go:56: [[finish to get user info.]]
[DEBUG]2016/10/25 18:59:18 /data1/project/go/supergo/src/utils/log.go:56: [[ select * from user  where user_id < 537 order by user_id desc limit 20]]
[ERROR]2016/10/25 18:59:18 /data1/project/go/supergo/src/utils/log.go:56: [[-->from client Call: map[user_id:2587 last_id:537]]]
[NOTICE]2016/10/25 18:59:18 /data1/project/go/supergo/src/utils/log.go:56: [[finish to get user info.]]
[DEBUG]2016/10/25 19:02:08 /data1/project/go/supergo/src/utils/log.go:56: [[db connect init ...]]
[DEBUG]2016/10/25 19:02:08 /data1/project/go/supergo/src/utils/log.go:56: [[Starting the simple server on : 127.0.0.1:9090]]
[DEBUG]2016/10/25 19:02:16 /data1/project/go/supergo/src/utils/log.go:56: [[db connect init ...]]
[DEBUG]2016/10/25 19:02:16 /data1/project/go/supergo/src/utils/log.go:56: [[Starting the simple server on : 127.0.0.1:9090]]
[ERROR]2016/10/25 19:02:31 /data1/project/go/supergo/src/utils/log.go:56: [[-->from client Call: map[user_id:2588]]]
[NOTICE]2016/10/25 19:02:31 /data1/project/go/supergo/src/utils/log.go:56: [[finish to get user info.]]
[DEBUG]2016/10/25 19:02:31 /data1/project/go/supergo/src/utils/log.go:56: [[ select * from user  where user_id < 537 order by user_id desc limit 20]]
[ERROR]2016/10/25 19:02:31 /data1/project/go/supergo/src/utils/log.go:56: [[-->from client Call: map[last_id:537 user_id:2588]]]
[NOTICE]2016/10/25 19:02:31 /data1/project/go/supergo/src/utils/log.go:56: [[finish to get user info.]]
[ERROR]2016/10/25 19:02:32 /data1/project/go/supergo/src/utils/log.go:56: [[-->from client Call: map[user_id:2589]]]
[NOTICE]2016/10/25 19:02:32 /data1/project/go/supergo/src/utils/log.go:56: [[finish to get user info.]]
[DEBUG]2016/10/25 19:02:32 /data1/project/go/supergo/src/utils/log.go:56: [[ select * from user  where user_id < 537 order by user_id desc limit 20]]
[ERROR]2016/10/25 19:02:32 /data1/project/go/supergo/src/utils/log.go:56: [[-->from client Call: map[last_id:537 user_id:2589]]]
[NOTICE]2016/10/25 19:02:32 /data1/project/go/supergo/src/utils/log.go:56: [[finish to get user info.]]
[DEBUG]2016/10/25 19:05:20 /data1/project/go/supergo/src/utils/log.go:56: [[db connect init ...]]
[DEBUG]2016/10/25 19:05:20 /data1/project/go/supergo/src/utils/log.go:56: [[Starting the simple server on : 127.0.0.1:9090]]
[DEBUG]2016/10/25 19:05:48 /data1/project/go/supergo/src/utils/log.go:56: [[db connect init ...]]
[DEBUG]2016/10/25 19:05:48 /data1/project/go/supergo/src/utils/log.go:56: [[Starting the simple server on : 127.0.0.1:9090]]
[DEBUG]2016/10/25 19:06:09 /data1/project/go/supergo/src/utils/log.go:56: [[ select * from user  where user_id < 20 order by user_id desc limit 20]]
[ERROR]2016/10/25 19:06:09 /data1/project/go/supergo/src/utils/log.go:56: [[-->from client Call: map[last_id:20]]]
[NOTICE]2016/10/25 19:06:09 /data1/project/go/supergo/src/utils/log.go:56: [[finish to get user info.]]
[DEBUG]2016/10/25 19:23:21 /data1/project/go/supergo/src/utils/log.go:56: [[ select * from user  where user_id < 20 order by user_id desc limit 20]]
[ERROR]2016/10/25 19:23:21 /data1/project/go/supergo/src/utils/log.go:56: [[-->from client Call: map[last_id:20]]]
[NOTICE]2016/10/25 19:23:21 /data1/project/go/supergo/src/utils/log.go:56: [[finish to get user info.]]
[DEBUG]2016/10/25 19:23:21 /data1/project/go/supergo/src/utils/log.go:56: [[ select * from user  where user_id < 20 order by user_id desc limit 20]]
[ERROR]2016/10/25 19:23:21 /data1/project/go/supergo/src/utils/log.go:56: [[-->from client Call: map[last_id:20]]]
[NOTICE]2016/10/25 19:23:21 /data1/project/go/supergo/src/utils/log.go:56: [[finish to get user info.]]
[DEBUG]2016/10/25 19:23:22 /data1/project/go/supergo/src/utils/log.go:56: [[ select * from user  where user_id < 20 order by user_id desc limit 20]]
[ERROR]2016/10/25 19:23:22 /data1/project/go/supergo/src/utils/log.go:56: [[-->from client Call: map[last_id:20]]]
[NOTICE]2016/10/25 19:23:22 /data1/project/go/supergo/src/utils/log.go:56: [[finish to get user info.]]
[DEBUG]2016/10/25 19:23:22 /data1/project/go/supergo/src/utils/log.go:56: [[ select * from user  where user_id < 20 order by user_id desc limit 20]]
[ERROR]2016/10/25 19:23:22 /data1/project/go/supergo/src/utils/log.go:56: [[-->from client Call: map[last_id:20]]]
[NOTICE]2016/10/25 19:23:22 /data1/project/go/supergo/src/utils/log.go:56: [[finish to get user info.]]
[DEBUG]2016/10/25 19:23:23 /data1/project/go/supergo/src/utils/log.go:56: [[ select * from user  where user_id < 20 order by user_id desc limit 20]]
[ERROR]2016/10/25 19:23:23 /data1/project/go/supergo/src/utils/log.go:56: [[-->from client Call: map[last_id:20]]]
[NOTICE]2016/10/25 19:23:23 /data1/project/go/supergo/src/utils/log.go:56: [[finish to get user info.]]
[DEBUG]2016/10/25 19:23:23 /data1/project/go/supergo/src/utils/log.go:56: [[ select * from user  where user_id < 20 order by user_id desc limit 20]]
[ERROR]2016/10/25 19:23:23 /data1/project/go/supergo/src/utils/log.go:56: [[-->from client Call: map[last_id:20]]]
[NOTICE]2016/10/25 19:23:23 /data1/project/go/supergo/src/utils/log.go:56: [[finish to get user info.]]
[DEBUG]2016/10/25 19:23:23 /data1/project/go/supergo/src/utils/log.go:56: [[ select * from user  where user_id < 20 order by user_id desc limit 20]]
[ERROR]2016/10/25 19:23:23 /data1/project/go/supergo/src/utils/log.go:56: [[-->from client Call: map[last_id:20]]]
[NOTICE]2016/10/25 19:23:23 /data1/project/go/supergo/src/utils/log.go:56: [[finish to get user info.]]
[DEBUG]2016/10/25 19:23:24 /data1/project/go/supergo/src/utils/log.go:56: [[ select * from user  where user_id < 20 order by user_id desc limit 20]]
[ERROR]2016/10/25 19:23:24 /data1/project/go/supergo/src/utils/log.go:56: [[-->from client Call: map[last_id:20]]]
[NOTICE]2016/10/25 19:23:24 /data1/project/go/supergo/src/utils/log.go:56: [[finish to get user info.]]
[DEBUG]2016/10/25 19:23:24 /data1/project/go/supergo/src/utils/log.go:56: [[ select * from user  where user_id < 20 order by user_id desc limit 20]]
[ERROR]2016/10/25 19:23:24 /data1/project/go/supergo/src/utils/log.go:56: [[-->from client Call: map[last_id:20]]]
[NOTICE]2016/10/25 19:23:24 /data1/project/go/supergo/src/utils/log.go:56: [[finish to get user info.]]
[DEBUG]2016/10/25 19:23:24 /data1/project/go/supergo/src/utils/log.go:56: [[ select * from user  where user_id < 20 order by user_id desc limit 20]]
[ERROR]2016/10/25 19:23:24 /data1/project/go/supergo/src/utils/log.go:56: [[-->from client Call: map[last_id:20]]]
[NOTICE]2016/10/25 19:23:24 /data1/project/go/supergo/src/utils/log.go:56: [[finish to get user info.]]
[DEBUG]2016/10/25 19:23:24 /data1/project/go/supergo/src/utils/log.go:56: [[ select * from user  where user_id < 20 order by user_id desc limit 20]]
[ERROR]2016/10/25 19:23:24 /data1/project/go/supergo/src/utils/log.go:56: [[-->from client Call: map[last_id:20]]]
[NOTICE]2016/10/25 19:23:24 /data1/project/go/supergo/src/utils/log.go:56: [[finish to get user info.]]
[ERROR]2016/10/25 19:23:56 /data1/project/go/supergo/src/utils/log.go:56: [[-->from client Call: map[user_id:2602]]]
[NOTICE]2016/10/25 19:23:56 /data1/project/go/supergo/src/utils/log.go:56: [[finish to get user info.]]
[DEBUG]2016/10/25 19:23:56 /data1/project/go/supergo/src/utils/log.go:56: [[ select * from user  where user_id < 537 order by user_id desc limit 20]]
[ERROR]2016/10/25 19:23:56 /data1/project/go/supergo/src/utils/log.go:56: [[-->from client Call: map[user_id:2602 last_id:537]]]
[NOTICE]2016/10/25 19:23:56 /data1/project/go/supergo/src/utils/log.go:56: [[finish to get user info.]]
[ERROR]2016/10/25 19:23:57 /data1/project/go/supergo/src/utils/log.go:56: [[-->from client Call: map[user_id:2603]]]
[NOTICE]2016/10/25 19:23:57 /data1/project/go/supergo/src/utils/log.go:56: [[finish to get user info.]]
[DEBUG]2016/10/25 19:23:57 /data1/project/go/supergo/src/utils/log.go:56: [[ select * from user  where user_id < 537 order by user_id desc limit 20]]
[ERROR]2016/10/25 19:23:57 /data1/project/go/supergo/src/utils/log.go:56: [[-->from client Call: map[user_id:2603 last_id:537]]]
[NOTICE]2016/10/25 19:23:57 /data1/project/go/supergo/src/utils/log.go:56: [[finish to get user info.]]
[DEBUG]2016/10/25 19:39:02 /data1/project/go/supergo/src/utils/log.go:56: [[db connect init ...]]
[DEBUG]2016/10/25 19:39:02 /data1/project/go/supergo/src/utils/log.go:56: [[Starting the simple server on : 127.0.0.1:9090]]
[DEBUG]2016/10/25 19:39:15 /data1/project/go/supergo/src/utils/log.go:56: [[ select * from user  where user_id < 20 order by user_id desc limit 20]]
[ERROR]2016/10/25 19:39:15 /data1/project/go/supergo/src/utils/log.go:56: [[-->from client Call: map[last_id:20]]]
[NOTICE]2016/10/25 19:39:15 /data1/project/go/supergo/src/utils/log.go:56: [[finish to get user info.]]
[DEBUG]2016/10/25 19:39:16 /data1/project/go/supergo/src/utils/log.go:56: [[ select * from user  where user_id < 20 order by user_id desc limit 20]]
[ERROR]2016/10/25 19:39:16 /data1/project/go/supergo/src/utils/log.go:56: [[-->from client Call: map[last_id:20]]]
[NOTICE]2016/10/25 19:39:16 /data1/project/go/supergo/src/utils/log.go:56: [[finish to get user info.]]
[ERROR]2016/10/25 19:39:23 /data1/project/go/supergo/src/utils/log.go:56: [[-->from client Call: map[user_id:2606]]]
[NOTICE]2016/10/25 19:39:23 /data1/project/go/supergo/src/utils/log.go:56: [[finish to get user info.]]
[DEBUG]2016/10/25 19:39:23 /data1/project/go/supergo/src/utils/log.go:56: [[ select * from user  where user_id < 537 order by user_id desc limit 20]]
[ERROR]2016/10/25 19:39:23 /data1/project/go/supergo/src/utils/log.go:56: [[-->from client Call: map[last_id:537 user_id:2606]]]
[NOTICE]2016/10/25 19:39:23 /data1/project/go/supergo/src/utils/log.go:56: [[finish to get user info.]]
[ERROR]2016/10/25 19:39:37 /data1/project/go/supergo/src/utils/log.go:56: [[-->from client Call: map[user_id:2607]]]
[NOTICE]2016/10/25 19:39:37 /data1/project/go/supergo/src/utils/log.go:56: [[finish to get user info.]]
[DEBUG]2016/10/25 19:39:37 /data1/project/go/supergo/src/utils/log.go:56: [[ select * from user  where user_id < 537 order by user_id desc limit 20]]
[ERROR]2016/10/25 19:39:37 /data1/project/go/supergo/src/utils/log.go:56: [[-->from client Call: map[user_id:2607 last_id:537]]]
[NOTICE]2016/10/25 19:39:37 /data1/project/go/supergo/src/utils/log.go:56: [[finish to get user info.]]
[ERROR]2016/10/25 19:40:37 /data1/project/go/supergo/src/utils/log.go:56: [[-->from client Call: map[user_id:2608]]]
[NOTICE]2016/10/25 19:40:37 /data1/project/go/supergo/src/utils/log.go:56: [[finish to get user info.]]
[DEBUG]2016/10/25 19:40:37 /data1/project/go/supergo/src/utils/log.go:56: [[ select * from user  where user_id < 537 order by user_id desc limit 20]]
[ERROR]2016/10/25 19:40:37 /data1/project/go/supergo/src/utils/log.go:56: [[-->from client Call: map[user_id:2608 last_id:537]]]
[NOTICE]2016/10/25 19:40:37 /data1/project/go/supergo/src/utils/log.go:56: [[finish to get user info.]]
[DEBUG]2016/10/25 20:14:47 /data1/project/go/supergo/src/utils/log.go:56: [[ select * from user  where user_id < 20 order by user_id desc limit 20]]
[ERROR]2016/10/25 20:14:47 /data1/project/go/supergo/src/utils/log.go:56: [[-->from client Call: map[last_id:20]]]
[NOTICE]2016/10/25 20:14:47 /data1/project/go/supergo/src/utils/log.go:56: [[finish to get user info.]]
[DEBUG]2016/10/25 20:14:48 /data1/project/go/supergo/src/utils/log.go:56: [[ select * from user  where user_id < 20 order by user_id desc limit 20]]
[ERROR]2016/10/25 20:14:48 /data1/project/go/supergo/src/utils/log.go:56: [[-->from client Call: map[last_id:20]]]
[NOTICE]2016/10/25 20:14:48 /data1/project/go/supergo/src/utils/log.go:56: [[finish to get user info.]]
[DEBUG]2016/10/25 20:14:48 /data1/project/go/supergo/src/utils/log.go:56: [[ select * from user  where user_id < 20 order by user_id desc limit 20]]
[ERROR]2016/10/25 20:14:48 /data1/project/go/supergo/src/utils/log.go:56: [[-->from client Call: map[last_id:20]]]
[NOTICE]2016/10/25 20:14:48 /data1/project/go/supergo/src/utils/log.go:56: [[finish to get user info.]]
[DEBUG]2016/10/25 20:14:48 /data1/project/go/supergo/src/utils/log.go:56: [[ select * from user  where user_id < 20 order by user_id desc limit 20]]
[ERROR]2016/10/25 20:14:48 /data1/project/go/supergo/src/utils/log.go:56: [[-->from client Call: map[last_id:20]]]
[NOTICE]2016/10/25 20:14:48 /data1/project/go/supergo/src/utils/log.go:56: [[finish to get user info.]]
[DEBUG]2016/10/25 20:14:49 /data1/project/go/supergo/src/utils/log.go:56: [[ select * from user  where user_id < 20 order by user_id desc limit 20]]
[ERROR]2016/10/25 20:14:49 /data1/project/go/supergo/src/utils/log.go:56: [[-->from client Call: map[last_id:20]]]
[NOTICE]2016/10/25 20:14:49 /data1/project/go/supergo/src/utils/log.go:56: [[finish to get user info.]]
[ERROR]2016/10/25 20:14:52 /data1/project/go/supergo/src/utils/log.go:56: [[-->from client Call: map[user_id:2614]]]
[NOTICE]2016/10/25 20:14:52 /data1/project/go/supergo/src/utils/log.go:56: [[finish to get user info.]]
[DEBUG]2016/10/25 20:14:52 /data1/project/go/supergo/src/utils/log.go:56: [[ select * from user  where user_id < 537 order by user_id desc limit 20]]
[ERROR]2016/10/25 20:14:52 /data1/project/go/supergo/src/utils/log.go:56: [[-->from client Call: map[user_id:2614 last_id:537]]]
[NOTICE]2016/10/25 20:14:52 /data1/project/go/supergo/src/utils/log.go:56: [[finish to get user info.]]
[DEBUG]2016/10/26 11:56:59 /data1/project/go/supergo/src/utils/log.go:68: [[db connect init ...]]
[DEBUG]2016/10/26 11:56:59 /data1/project/go/supergo/src/utils/log.go:68: [[Starting the simple server on : 127.0.0.1:9090]]
[DEBUG]2016/10/26 11:57:17 /data1/project/go/supergo/src/utils/log.go:68: [[ select * from user  where user_id < 20 order by user_id desc limit 20]]
[ERROR]2016/10/26 11:57:17 /data1/project/go/supergo/src/utils/log.go:68: [[-->from client Call: map[last_id:20]]]
[NOTICE]2016/10/26 11:57:17 /data1/project/go/supergo/src/utils/log.go:68: [[finish to get user info.]]
[DEBUG]2016/10/26 11:57:18 /data1/project/go/supergo/src/utils/log.go:68: [[ select * from user  where user_id < 20 order by user_id desc limit 20]]
[ERROR]2016/10/26 11:57:18 /data1/project/go/supergo/src/utils/log.go:68: [[-->from client Call: map[last_id:20]]]
[NOTICE]2016/10/26 11:57:18 /data1/project/go/supergo/src/utils/log.go:68: [[finish to get user info.]]
[DEBUG]2016/10/26 11:57:19 /data1/project/go/supergo/src/utils/log.go:68: [[ select * from user  where user_id < 20 order by user_id desc limit 20]]
[ERROR]2016/10/26 11:57:19 /data1/project/go/supergo/src/utils/log.go:68: [[-->from client Call: map[last_id:20]]]
[NOTICE]2016/10/26 11:57:19 /data1/project/go/supergo/src/utils/log.go:68: [[finish to get user info.]]
[DEBUG]2016/10/26 11:57:19 /data1/project/go/supergo/src/utils/log.go:68: [[ select * from user  where user_id < 20 order by user_id desc limit 20]]
[ERROR]2016/10/26 11:57:19 /data1/project/go/supergo/src/utils/log.go:68: [[-->from client Call: map[last_id:20]]]
[NOTICE]2016/10/26 11:57:19 /data1/project/go/supergo/src/utils/log.go:68: [[finish to get user info.]]
[DEBUG]2016/10/26 12:59:04 /data1/project/go/supergo/src/utils/log.go:68: [[db connect init ...]]
[DEBUG]2016/10/26 12:59:04 /data1/project/go/supergo/src/utils/log.go:68: [[Starting the simple server on : 127.0.0.1:9090]]
[DEBUG]2016/10/26 17:56:32 /data1/project/go/supergo/src/utils/log.go:68: [[db connect init ...]]
[DEBUG]2016/10/26 17:56:32 /data1/project/go/supergo/src/utils/log.go:68: [[Starting the simple server on : ----]]
[DEBUG]2016/10/26 17:56:38 /data1/project/go/supergo/src/utils/log.go:68: [[ select * from user  where user_id < 20 order by user_id desc limit 20]]
[ERROR]2016/10/26 17:56:38 /data1/project/go/supergo/src/utils/log.go:68: [[-->from client Call: map[last_id:20]]]
[NOTICE]2016/10/26 17:56:38 /data1/project/go/supergo/src/utils/log.go:68: [[finish to get user info.]]
[DEBUG]2016/10/26 17:57:14 /data1/project/go/supergo/src/utils/log.go:68: [[db connect init ...]]
[DEBUG]2016/10/26 17:57:14 /data1/project/go/supergo/src/utils/log.go:68: [[Starting the simple server on : ----]]
[DEBUG]2016/10/26 17:57:29 /data1/project/go/supergo/src/utils/log.go:68: [[db connect init ...]]
[DEBUG]2016/10/26 17:57:29 /data1/project/go/supergo/src/utils/log.go:68: [[Starting the simple server on : ----]]
[DEBUG]2016/10/26 17:57:41 /data1/project/go/supergo/src/utils/log.go:68: [[db connect init ...]]
[DEBUG]2016/10/26 17:57:41 /data1/project/go/supergo/src/utils/log.go:68: [[Starting the simple server on : ----]]
[DEBUG]2016/10/26 17:57:49 /data1/project/go/supergo/src/utils/log.go:68: [[ select * from user  where user_id < 20 order by user_id desc limit 20]]
[ERROR]2016/10/26 17:57:49 /data1/project/go/supergo/src/utils/log.go:68: [[-->from client Call: map[last_id:20]]]
[NOTICE]2016/10/26 17:57:49 /data1/project/go/supergo/src/utils/log.go:68: [[finish to get user info.]]
[DEBUG]2016/10/26 17:58:49 /data1/project/go/supergo/src/utils/log.go:68: [[db connect init ...]]
[DEBUG]2016/10/26 17:58:49 /data1/project/go/supergo/src/utils/log.go:68: [[Starting the simple server on : ----]]
[DEBUG]2016/10/26 18:07:00 /data1/project/go/supergo/src/utils/log.go:68: [[db connect init ...]]
[DEBUG]2016/10/26 18:07:00 /data1/project/go/supergo/src/utils/log.go:68: [[Starting the simple server on : 127.0.0.1:9090]]
[DEBUG]2016/10/26 18:07:04 /data1/project/go/supergo/src/utils/log.go:68: [[ select * from user  where user_id < 20 order by user_id desc limit 20]]
[ERROR]2016/10/26 18:07:04 /data1/project/go/supergo/src/utils/log.go:68: [[-->from client Call: map[last_id:20]]]
[NOTICE]2016/10/26 18:07:04 /data1/project/go/supergo/src/utils/log.go:68: [[finish to get user info.]]
[DEBUG]2016/10/26 18:07:05 /data1/project/go/supergo/src/utils/log.go:68: [[ select * from user  where user_id < 20 order by user_id desc limit 20]]
[ERROR]2016/10/26 18:07:05 /data1/project/go/supergo/src/utils/log.go:68: [[-->from client Call: map[last_id:20]]]
[NOTICE]2016/10/26 18:07:05 /data1/project/go/supergo/src/utils/log.go:68: [[finish to get user info.]]
[DEBUG]2016/10/26 18:07:05 /data1/project/go/supergo/src/utils/log.go:68: [[ select * from user  where user_id < 20 order by user_id desc limit 20]]
[ERROR]2016/10/26 18:07:05 /data1/project/go/supergo/src/utils/log.go:68: [[-->from client Call: map[last_id:20]]]
[NOTICE]2016/10/26 18:07:05 /data1/project/go/supergo/src/utils/log.go:68: [[finish to get user info.]]
[DEBUG]2016/10/26 18:07:05 /data1/project/go/supergo/src/utils/log.go:68: [[ select * from user  where user_id < 20 order by user_id desc limit 20]]
[ERROR]2016/10/26 18:07:05 /data1/project/go/supergo/src/utils/log.go:68: [[-->from client Call: map[last_id:20]]]
[NOTICE]2016/10/26 18:07:05 /data1/project/go/supergo/src/utils/log.go:68: [[finish to get user info.]]
[DEBUG]2016/10/26 18:07:06 /data1/project/go/supergo/src/utils/log.go:68: [[ select * from user  where user_id < 20 order by user_id desc limit 20]]
[ERROR]2016/10/26 18:07:06 /data1/project/go/supergo/src/utils/log.go:68: [[-->from client Call: map[last_id:20]]]
[NOTICE]2016/10/26 18:07:06 /data1/project/go/supergo/src/utils/log.go:68: [[finish to get user info.]]
[DEBUG]2016/10/26 18:07:06 /data1/project/go/supergo/src/utils/log.go:68: [[ select * from user  where user_id < 20 order by user_id desc limit 20]]
[ERROR]2016/10/26 18:07:06 /data1/project/go/supergo/src/utils/log.go:68: [[-->from client Call: map[last_id:20]]]
[NOTICE]2016/10/26 18:07:06 /data1/project/go/supergo/src/utils/log.go:68: [[finish to get user info.]]
[DEBUG]2016/10/26 18:07:25 /data1/project/go/supergo/src/utils/log.go:68: [[ select * from user  where user_id < 20 order by user_id desc limit 20]]
[ERROR]2016/10/26 18:07:25 /data1/project/go/supergo/src/utils/log.go:68: [[-->from client Call: map[last_id:20]]]
[NOTICE]2016/10/26 18:07:25 /data1/project/go/supergo/src/utils/log.go:68: [[finish to get user info.]]
[ERROR]2016/10/26 18:07:32 /data1/project/go/supergo/src/utils/log.go:68: [[-->from client Call: map[user_id:2628]]]
[NOTICE]2016/10/26 18:07:32 /data1/project/go/supergo/src/utils/log.go:68: [[finish to get user info.]]
[DEBUG]2016/10/26 18:07:32 /data1/project/go/supergo/src/utils/log.go:68: [[ select * from user  where user_id < 537 order by user_id desc limit 20]]
[ERROR]2016/10/26 18:07:32 /data1/project/go/supergo/src/utils/log.go:68: [[-->from client Call: map[user_id:2628 last_id:537]]]
[NOTICE]2016/10/26 18:07:32 /data1/project/go/supergo/src/utils/log.go:68: [[finish to get user info.]]
[DEBUG]2016/10/26 18:11:20 /data1/project/go/supergo/src/utils/log.go:69: [[db connect init ...]]
[DEBUG]2016/10/26 18:11:20 /data1/project/go/supergo/src/utils/log.go:69: [[Starting the simple server on : 127.0.0.1:9090]]
[ERROR]2016/10/26 18:11:22 /data1/project/go/supergo/src/utils/log.go:69: [[-->from client Call: map[user_id:2629]]]
[NOTICE]2016/10/26 18:11:22 /data1/project/go/supergo/src/utils/log.go:69: [[finish to get user info.]]
[DEBUG]2016/10/26 18:11:22 /data1/project/go/supergo/src/utils/log.go:69: [[ select * from user  where user_id < 537 order by user_id desc limit 20]]
[ERROR]2016/10/26 18:11:22 /data1/project/go/supergo/src/utils/log.go:69: [[-->from client Call: map[user_id:2629 last_id:537]]]
[NOTICE]2016/10/26 18:11:22 /data1/project/go/supergo/src/utils/log.go:69: [[finish to get user info.]]
[DEBUG]2016/10/26 18:15:58 /data1/project/go/supergo/src/utils/log.go:69: [[db connect init ...]]
[DEBUG]2016/10/26 18:15:58 /data1/project/go/supergo/src/utils/log.go:69: [[Starting the simple server on : 127.0.0.1:9090]]
[ERROR]2016/10/26 18:16:00 /data1/project/go/supergo/src/utils/log.go:69: [[-->from client Call: map[user_id:2630]]]
[NOTICE]2016/10/26 18:16:00 /data1/project/go/supergo/src/utils/log.go:69: [[finish to get user info.]]
[DEBUG]2016/10/26 18:16:00 /data1/project/go/supergo/src/utils/log.go:69: [[ select * from user  where user_id < 537 order by user_id desc limit 20]]
[ERROR]2016/10/26 18:16:00 /data1/project/go/supergo/src/utils/log.go:69: [[-->from client Call: map[user_id:2630 last_id:537]]]
[NOTICE]2016/10/26 18:16:00 /data1/project/go/supergo/src/utils/log.go:69: [[finish to get user info.]]
[ERROR]2016/10/26 18:16:06 /data1/project/go/supergo/src/utils/log.go:69: [[-->from client Call: map[user_id:2631]]]
[NOTICE]2016/10/26 18:16:06 /data1/project/go/supergo/src/utils/log.go:69: [[finish to get user info.]]
[DEBUG]2016/10/26 18:16:06 /data1/project/go/supergo/src/utils/log.go:69: [[ select * from user  where user_id < 537 order by user_id desc limit 20]]
[ERROR]2016/10/26 18:16:06 /data1/project/go/supergo/src/utils/log.go:69: [[-->from client Call: map[user_id:2631 last_id:537]]]
[NOTICE]2016/10/26 18:16:06 /data1/project/go/supergo/src/utils/log.go:69: [[finish to get user info.]]
[DEBUG]2016/10/26 18:16:57 /data1/project/go/supergo/src/utils/log.go:69: [[db connect init ...]]
[ERROR]2016/10/26 18:16:57 /data1/project/go/supergo/src/utils/log.go:69: [[Can't find the key ,key: server_setting]]
[DEBUG]2016/10/26 18:16:58 /data1/project/go/supergo/src/utils/log.go:69: [[db connect init ...]]
[ERROR]2016/10/26 18:16:58 /data1/project/go/supergo/src/utils/log.go:69: [[Can't find the key ,key: server_setting]]
[DEBUG]2016/10/26 18:17:03 /data1/project/go/supergo/src/utils/log.go:69: [[db connect init ...]]
[ERROR]2016/10/26 18:17:03 /data1/project/go/supergo/src/utils/log.go:69: [[Can't find the key ,key: server_setting]]
[DEBUG]2016/10/26 18:19:02 /data1/project/go/supergo/src/utils/log.go:69: [[db connect init ...]]
[DEBUG]2016/10/26 18:19:02 /data1/project/go/supergo/src/utils/log.go:69: [[Starting the simple server on : 127.0.0.1:9090]]
[ERROR]2016/10/26 18:19:05 /data1/project/go/supergo/src/utils/log.go:69: [[-->from client Call: map[user_id:2632]]]
[NOTICE]2016/10/26 18:19:05 /data1/project/go/supergo/src/utils/log.go:69: [[finish to get user info.]]
[DEBUG]2016/10/26 18:19:05 /data1/project/go/supergo/src/utils/log.go:69: [[ select * from user  where user_id < 537 order by user_id desc limit 20]]
[ERROR]2016/10/26 18:19:05 /data1/project/go/supergo/src/utils/log.go:69: [[-->from client Call: map[user_id:2632 last_id:537]]]
[NOTICE]2016/10/26 18:19:05 /data1/project/go/supergo/src/utils/log.go:69: [[finish to get user info.]]
[ERROR]2016/10/26 18:19:05 /data1/project/go/supergo/src/utils/log.go:69: [[-->from client Call: map[user_id:2633]]]
[NOTICE]2016/10/26 18:19:05 /data1/project/go/supergo/src/utils/log.go:69: [[finish to get user info.]]
[DEBUG]2016/10/26 18:19:05 /data1/project/go/supergo/src/utils/log.go:69: [[ select * from user  where user_id < 537 order by user_id desc limit 20]]
[ERROR]2016/10/26 18:19:05 /data1/project/go/supergo/src/utils/log.go:69: [[-->from client Call: map[user_id:2633 last_id:537]]]
[NOTICE]2016/10/26 18:19:05 /data1/project/go/supergo/src/utils/log.go:69: [[finish to get user info.]]
[ERROR]2016/10/26 18:19:05 /data1/project/go/supergo/src/utils/log.go:69: [[-->from client Call: map[user_id:2634]]]
[NOTICE]2016/10/26 18:19:05 /data1/project/go/supergo/src/utils/log.go:69: [[finish to get user info.]]
[DEBUG]2016/10/26 18:19:05 /data1/project/go/supergo/src/utils/log.go:69: [[ select * from user  where user_id < 537 order by user_id desc limit 20]]
[ERROR]2016/10/26 18:19:05 /data1/project/go/supergo/src/utils/log.go:69: [[-->from client Call: map[user_id:2634 last_id:537]]]
[NOTICE]2016/10/26 18:19:05 /data1/project/go/supergo/src/utils/log.go:69: [[finish to get user info.]]
[ERROR]2016/10/26 18:19:06 /data1/project/go/supergo/src/utils/log.go:69: [[-->from client Call: map[user_id:2635]]]
[NOTICE]2016/10/26 18:19:06 /data1/project/go/supergo/src/utils/log.go:69: [[finish to get user info.]]
[DEBUG]2016/10/26 18:19:06 /data1/project/go/supergo/src/utils/log.go:69: [[ select * from user  where user_id < 537 order by user_id desc limit 20]]
[ERROR]2016/10/26 18:19:06 /data1/project/go/supergo/src/utils/log.go:69: [[-->from client Call: map[last_id:537 user_id:2635]]]
[NOTICE]2016/10/26 18:19:06 /data1/project/go/supergo/src/utils/log.go:69: [[finish to get user info.]]
[DEBUG]2016/10/26 18:19:10 /data1/project/go/supergo/src/utils/log.go:69: [[ select * from user  where user_id < 20 order by user_id desc limit 20]]
[ERROR]2016/10/26 18:19:10 /data1/project/go/supergo/src/utils/log.go:69: [[-->from client Call: map[last_id:20]]]
[NOTICE]2016/10/26 18:19:10 /data1/project/go/supergo/src/utils/log.go:69: [[finish to get user info.]]
[DEBUG]2016/10/26 18:19:12 /data1/project/go/supergo/src/utils/log.go:69: [[ select * from user  where user_id < 20 order by user_id desc limit 20]]
[ERROR]2016/10/26 18:19:12 /data1/project/go/supergo/src/utils/log.go:69: [[-->from client Call: map[last_id:20]]]
[NOTICE]2016/10/26 18:19:12 /data1/project/go/supergo/src/utils/log.go:69: [[finish to get user info.]]
[DEBUG]2016/10/26 18:19:12 /data1/project/go/supergo/src/utils/log.go:69: [[ select * from user  where user_id < 20 order by user_id desc limit 20]]
[ERROR]2016/10/26 18:19:12 /data1/project/go/supergo/src/utils/log.go:69: [[-->from client Call: map[last_id:20]]]
[NOTICE]2016/10/26 18:19:12 /data1/project/go/supergo/src/utils/log.go:69: [[finish to get user info.]]
[DEBUG]2016/10/26 18:19:12 /data1/project/go/supergo/src/utils/log.go:69: [[ select * from user  where user_id < 20 order by user_id desc limit 20]]
[ERROR]2016/10/26 18:19:12 /data1/project/go/supergo/src/utils/log.go:69: [[-->from client Call: map[last_id:20]]]
[NOTICE]2016/10/26 18:19:12 /data1/project/go/supergo/src/utils/log.go:69: [[finish to get user info.]]
[DEBUG]2016/10/26 18:19:13 /data1/project/go/supergo/src/utils/log.go:69: [[ select * from user  where user_id < 20 order by user_id desc limit 20]]
[ERROR]2016/10/26 18:19:13 /data1/project/go/supergo/src/utils/log.go:69: [[-->from client Call: map[last_id:20]]]
[NOTICE]2016/10/26 18:19:13 /data1/project/go/supergo/src/utils/log.go:69: [[finish to get user info.]]
[DEBUG]2016/10/26 18:19:13 /data1/project/go/supergo/src/utils/log.go:69: [[ select * from user  where user_id < 20 order by user_id desc limit 20]]
[ERROR]2016/10/26 18:19:13 /data1/project/go/supergo/src/utils/log.go:69: [[-->from client Call: map[last_id:20]]]
[NOTICE]2016/10/26 18:19:13 /data1/project/go/supergo/src/utils/log.go:69: [[finish to get user info.]]
